{"/Users/igorbrandao/Desktop/development/front/desafio/transaction-processor-api/src/app.controller.ts": {"path":"/Users/igorbrandao/Desktop/development/front/desafio/transaction-processor-api/src/app.controller.ts","statementMap":{"0":{"start":{"line":1,"column":0},"end":{"line":1,"column":49}},"1":{"start":{"line":2,"column":0},"end":{"line":2,"column":43}},"2":{"start":{"line":5,"column":7},"end":{"line":12,"column":null}},"3":{"start":{"line":6,"column":31},"end":{"line":6,"column":43}},"4":{"start":{"line":10,"column":4},"end":{"line":10,"column":38}},"5":{"start":{"line":5,"column":13},"end":{"line":5,"column":26}},"6":{"start":{"line":9,"column":2},"end":{"line":11,"column":null}},"7":{"start":{"line":5,"column":13},"end":{"line":12,"column":null}}},"fnMap":{"0":{"name":"(anonymous_2)","decl":{"start":{"line":6,"column":2},"end":{"line":6,"column":31}},"loc":{"start":{"line":6,"column":53},"end":{"line":6,"column":57}}},"1":{"name":"(anonymous_3)","decl":{"start":{"line":9,"column":2},"end":{"line":9,"column":10}},"loc":{"start":{"line":9,"column":10},"end":{"line":11,"column":3}}}},"branchMap":{"0":{"loc":{"start":{"line":6,"column":43},"end":{"line":6,"column":56}},"type":"cond-expr","locations":[{"start":{"line":6,"column":53},"end":{"line":6,"column":56}},{"start":{"line":6,"column":53},"end":{"line":6,"column":56}}]},"1":{"loc":{"start":{"line":6,"column":43},"end":{"line":6,"column":53}},"type":"binary-expr","locations":[{"start":{"line":6,"column":43},"end":{"line":6,"column":56}},{"start":{"line":6,"column":43},"end":{"line":6,"column":53}}]}},"s":{"0":1,"1":1,"2":1,"3":1,"4":1,"5":1,"6":1,"7":1},"f":{"0":1,"1":1},"b":{"0":[1,0],"1":[1,1]}}
,"/Users/igorbrandao/Desktop/development/front/desafio/transaction-processor-api/src/app.module.ts": {"path":"/Users/igorbrandao/Desktop/development/front/desafio/transaction-processor-api/src/app.module.ts","statementMap":{"0":{"start":{"line":1,"column":0},"end":{"line":1,"column":72}},"1":{"start":{"line":2,"column":0},"end":{"line":2,"column":68}},"2":{"start":{"line":3,"column":0},"end":{"line":3,"column":42}},"3":{"start":{"line":4,"column":0},"end":{"line":4,"column":41}},"4":{"start":{"line":5,"column":0},"end":{"line":5,"column":49}},"5":{"start":{"line":6,"column":0},"end":{"line":6,"column":43}},"6":{"start":{"line":7,"column":0},"end":{"line":7,"column":78}},"7":{"start":{"line":8,"column":0},"end":{"line":8,"column":66}},"8":{"start":{"line":9,"column":0},"end":{"line":9,"column":68}},"9":{"start":{"line":10,"column":0},"end":{"line":10,"column":69}},"10":{"start":{"line":11,"column":0},"end":{"line":11,"column":79}},"11":{"start":{"line":12,"column":0},"end":{"line":12,"column":65}},"12":{"start":{"line":13,"column":0},"end":{"line":13,"column":77}},"13":{"start":{"line":14,"column":0},"end":{"line":14,"column":64}},"14":{"start":{"line":15,"column":0},"end":{"line":15,"column":74}},"15":{"start":{"line":48,"column":7},"end":{"line":52,"column":null}},"16":{"start":{"line":50,"column":4},"end":{"line":50,"column":52}},"17":{"start":{"line":48,"column":13},"end":{"line":48,"column":22}},"18":{"start":{"line":48,"column":13},"end":{"line":52,"column":null}}},"fnMap":{"0":{"name":"(anonymous_1)","decl":{"start":{"line":49,"column":2},"end":{"line":49,"column":11}},"loc":{"start":{"line":49,"column":40},"end":{"line":51,"column":3}}}},"branchMap":{},"s":{"0":0,"1":0,"2":0,"3":0,"4":0,"5":0,"6":0,"7":0,"8":0,"9":0,"10":0,"11":0,"12":0,"13":0,"14":0,"15":0,"16":0,"17":0,"18":0},"f":{"0":0},"b":{}}
,"/Users/igorbrandao/Desktop/development/front/desafio/transaction-processor-api/src/app.service.ts": {"path":"/Users/igorbrandao/Desktop/development/front/desafio/transaction-processor-api/src/app.service.ts","statementMap":{"0":{"start":{"line":1,"column":0},"end":{"line":1,"column":44}},"1":{"start":{"line":4,"column":7},"end":{"line":8,"column":null}},"2":{"start":{"line":6,"column":4},"end":{"line":6,"column":26}},"3":{"start":{"line":4,"column":13},"end":{"line":4,"column":23}},"4":{"start":{"line":4,"column":13},"end":{"line":8,"column":null}}},"fnMap":{"0":{"name":"(anonymous_1)","decl":{"start":{"line":5,"column":2},"end":{"line":5,"column":10}},"loc":{"start":{"line":5,"column":10},"end":{"line":7,"column":3}}}},"branchMap":{},"s":{"0":1,"1":1,"2":1,"3":1,"4":1},"f":{"0":1},"b":{}}
,"/Users/igorbrandao/Desktop/development/front/desafio/transaction-processor-api/src/main.ts": {"path":"/Users/igorbrandao/Desktop/development/front/desafio/transaction-processor-api/src/main.ts","statementMap":{"0":{"start":{"line":1,"column":0},"end":{"line":1,"column":43}},"1":{"start":{"line":2,"column":0},"end":{"line":2,"column":41}},"2":{"start":{"line":3,"column":0},"end":{"line":3,"column":50}},"3":{"start":{"line":4,"column":0},"end":{"line":4,"column":47}},"4":{"start":{"line":5,"column":0},"end":{"line":5,"column":28}},"5":{"start":{"line":7,"column":0},"end":{"line":7,"column":16}},"6":{"start":{"line":10,"column":14},"end":{"line":10,"column":49}},"7":{"start":{"line":12,"column":2},"end":{"line":12,"column":26}},"8":{"start":{"line":14,"column":15},"end":{"line":14,"column":39}},"9":{"start":{"line":15,"column":2},"end":{"line":15,"column":25}},"10":{"start":{"line":17,"column":2},"end":{"line":17,"column":69}},"11":{"start":{"line":18,"column":2},"end":{"line":20,"column":4}},"12":{"start":{"line":23,"column":0},"end":{"line":23,"column":17}}},"fnMap":{"0":{"name":"bootstrap","decl":{"start":{"line":9,"column":15},"end":{"line":9,"column":24}},"loc":{"start":{"line":9,"column":24},"end":{"line":21,"column":1}}}},"branchMap":{"0":{"loc":{"start":{"line":14,"column":15},"end":{"line":14,"column":39}},"type":"binary-expr","locations":[{"start":{"line":14,"column":15},"end":{"line":14,"column":31}},{"start":{"line":14,"column":35},"end":{"line":14,"column":39}}]}},"s":{"0":0,"1":0,"2":0,"3":0,"4":0,"5":0,"6":0,"7":0,"8":0,"9":0,"10":0,"11":0,"12":0},"f":{"0":0},"b":{"0":[0,0]}}
,"/Users/igorbrandao/Desktop/development/front/desafio/transaction-processor-api/src/config/app.config.ts": {"path":"/Users/igorbrandao/Desktop/development/front/desafio/transaction-processor-api/src/config/app.config.ts","statementMap":{"0":{"start":{"line":13,"column":0},"end":{"line":13,"column":7}},"1":{"start":{"line":2,"column":0},"end":{"line":2,"column":48}},"2":{"start":{"line":3,"column":0},"end":{"line":3,"column":69}},"3":{"start":{"line":4,"column":0},"end":{"line":4,"column":65}},"4":{"start":{"line":5,"column":0},"end":{"line":5,"column":null}},"5":{"start":{"line":10,"column":0},"end":{"line":10,"column":57}},"6":{"start":{"line":11,"column":0},"end":{"line":11,"column":47}},"7":{"start":{"line":14,"column":2},"end":{"line":14,"column":43}},"8":{"start":{"line":16,"column":2},"end":{"line":16,"column":50}},"9":{"start":{"line":18,"column":2},"end":{"line":18,"column":19}},"10":{"start":{"line":20,"column":19},"end":{"line":23,"column":null}},"11":{"start":{"line":25,"column":2},"end":{"line":25,"column":70}},"12":{"start":{"line":27,"column":2},"end":{"line":33,"column":3}},"13":{"start":{"line":28,"column":4},"end":{"line":28,"column":27}},"14":{"start":{"line":29,"column":4},"end":{"line":29,"column":51}},"15":{"start":{"line":31,"column":4},"end":{"line":31,"column":61}},"16":{"start":{"line":32,"column":4},"end":{"line":32,"column":20}}},"fnMap":{"0":{"name":"configureApp","decl":{"start":{"line":13,"column":22},"end":{"line":13,"column":34}},"loc":{"start":{"line":13,"column":56},"end":{"line":34,"column":1}}}},"branchMap":{},"s":{"0":0,"1":0,"2":0,"3":0,"4":0,"5":0,"6":0,"7":0,"8":0,"9":0,"10":0,"11":0,"12":0,"13":0,"14":0,"15":0,"16":0},"f":{"0":0},"b":{}}
,"/Users/igorbrandao/Desktop/development/front/desafio/transaction-processor-api/src/config/bullmq.config.ts": {"path":"/Users/igorbrandao/Desktop/development/front/desafio/transaction-processor-api/src/config/bullmq.config.ts","statementMap":{"0":{"start":{"line":3,"column":13},"end":{"line":18,"column":2}},"1":{"start":{"line":20,"column":13},"end":{"line":21,"column":50}}},"fnMap":{},"branchMap":{"0":{"loc":{"start":{"line":5,"column":10},"end":{"line":5,"column":47}},"type":"binary-expr","locations":[{"start":{"line":5,"column":10},"end":{"line":5,"column":32}},{"start":{"line":5,"column":36},"end":{"line":5,"column":47}}]},"1":{"loc":{"start":{"line":6,"column":19},"end":{"line":6,"column":51}},"type":"binary-expr","locations":[{"start":{"line":6,"column":19},"end":{"line":6,"column":41}},{"start":{"line":6,"column":45},"end":{"line":6,"column":51}}]},"2":{"loc":{"start":{"line":7,"column":14},"end":{"line":7,"column":53}},"type":"binary-expr","locations":[{"start":{"line":7,"column":14},"end":{"line":7,"column":40}},{"start":{"line":7,"column":44},"end":{"line":7,"column":53}}]},"3":{"loc":{"start":{"line":10,"column":23},"end":{"line":10,"column":65}},"type":"binary-expr","locations":[{"start":{"line":10,"column":23},"end":{"line":10,"column":58}},{"start":{"line":10,"column":62},"end":{"line":10,"column":65}}]},"4":{"loc":{"start":{"line":13,"column":22},"end":{"line":13,"column":64}},"type":"binary-expr","locations":[{"start":{"line":13,"column":22},"end":{"line":13,"column":54}},{"start":{"line":13,"column":58},"end":{"line":13,"column":64}}]},"5":{"loc":{"start":{"line":15,"column":31},"end":{"line":15,"column":77}},"type":"binary-expr","locations":[{"start":{"line":15,"column":31},"end":{"line":15,"column":68}},{"start":{"line":15,"column":72},"end":{"line":15,"column":77}}]},"6":{"loc":{"start":{"line":16,"column":27},"end":{"line":16,"column":70}},"type":"binary-expr","locations":[{"start":{"line":16,"column":27},"end":{"line":16,"column":60}},{"start":{"line":16,"column":64},"end":{"line":16,"column":70}}]},"7":{"loc":{"start":{"line":21,"column":2},"end":{"line":21,"column":49}},"type":"binary-expr","locations":[{"start":{"line":21,"column":2},"end":{"line":21,"column":31}},{"start":{"line":21,"column":35},"end":{"line":21,"column":49}}]}},"s":{"0":0,"1":0},"f":{},"b":{"0":[0,0],"1":[0,0],"2":[0,0],"3":[0,0],"4":[0,0],"5":[0,0],"6":[0,0],"7":[0,0]}}
,"/Users/igorbrandao/Desktop/development/front/desafio/transaction-processor-api/src/config/database.config.ts": {"path":"/Users/igorbrandao/Desktop/development/front/desafio/transaction-processor-api/src/config/database.config.ts","statementMap":{"0":{"start":{"line":1,"column":0},"end":{"line":1,"column":26}},"1":{"start":{"line":2,"column":0},"end":{"line":2,"column":28}},"2":{"start":{"line":4,"column":0},"end":{"line":4,"column":16}},"3":{"start":{"line":6,"column":13},"end":{"line":15,"column":3}},"4":{"start":{"line":17,"column":30},"end":{"line":26,"column":1}},"5":{"start":{"line":18,"column":2},"end":{"line":25,"column":3}},"6":{"start":{"line":19,"column":19},"end":{"line":19,"column":41}},"7":{"start":{"line":20,"column":4},"end":{"line":20,"column":51}},"8":{"start":{"line":21,"column":4},"end":{"line":21,"column":21}},"9":{"start":{"line":23,"column":4},"end":{"line":23,"column":55}},"10":{"start":{"line":24,"column":4},"end":{"line":24,"column":16}},"11":{"start":{"line":17,"column":13},"end":{"line":17,"column":30}}},"fnMap":{"0":{"name":"(anonymous_1)","decl":{"start":{"line":17,"column":30},"end":{"line":17,"column":35}},"loc":{"start":{"line":17,"column":56},"end":{"line":26,"column":1}}}},"branchMap":{"0":{"loc":{"start":{"line":7,"column":8},"end":{"line":7,"column":42}},"type":"binary-expr","locations":[{"start":{"line":7,"column":8},"end":{"line":7,"column":27}},{"start":{"line":7,"column":31},"end":{"line":7,"column":42}}]},"1":{"loc":{"start":{"line":8,"column":17},"end":{"line":8,"column":46}},"type":"binary-expr","locations":[{"start":{"line":8,"column":17},"end":{"line":8,"column":36}},{"start":{"line":8,"column":40},"end":{"line":8,"column":46}}]},"2":{"loc":{"start":{"line":9,"column":8},"end":{"line":9,"column":41}},"type":"binary-expr","locations":[{"start":{"line":9,"column":8},"end":{"line":9,"column":27}},{"start":{"line":9,"column":31},"end":{"line":9,"column":41}}]},"3":{"loc":{"start":{"line":10,"column":12},"end":{"line":10,"column":49}},"type":"binary-expr","locations":[{"start":{"line":10,"column":12},"end":{"line":10,"column":35}},{"start":{"line":10,"column":39},"end":{"line":10,"column":49}}]},"4":{"loc":{"start":{"line":11,"column":12},"end":{"line":11,"column":52}},"type":"binary-expr","locations":[{"start":{"line":11,"column":12},"end":{"line":11,"column":31}},{"start":{"line":11,"column":35},"end":{"line":11,"column":52}}]}},"s":{"0":0,"1":0,"2":0,"3":0,"4":0,"5":0,"6":0,"7":0,"8":0,"9":0,"10":0,"11":0},"f":{"0":0},"b":{"0":[0,0],"1":[0,0],"2":[0,0],"3":[0,0],"4":[0,0]}}
,"/Users/igorbrandao/Desktop/development/front/desafio/transaction-processor-api/src/config/logger.config.ts": {"path":"/Users/igorbrandao/Desktop/development/front/desafio/transaction-processor-api/src/config/logger.config.ts","statementMap":{"0":{"start":{"line":1,"column":0},"end":{"line":1,"column":30}},"1":{"start":{"line":3,"column":17},"end":{"line":3,"column":48}},"2":{"start":{"line":5,"column":13},"end":{"line":21,"column":3}}},"fnMap":{},"branchMap":{"0":{"loc":{"start":{"line":3,"column":17},"end":{"line":3,"column":48}},"type":"binary-expr","locations":[{"start":{"line":3,"column":17},"end":{"line":3,"column":38}},{"start":{"line":3,"column":42},"end":{"line":3,"column":48}}]}},"s":{"0":0,"1":0,"2":0},"f":{},"b":{"0":[0,0]}}
,"/Users/igorbrandao/Desktop/development/front/desafio/transaction-processor-api/src/config/metrics.config.ts": {"path":"/Users/igorbrandao/Desktop/development/front/desafio/transaction-processor-api/src/config/metrics.config.ts","statementMap":{"0":{"start":{"line":1,"column":0},"end":{"line":1,"column":66}},"1":{"start":{"line":4,"column":13},"end":{"line":4,"column":39}},"2":{"start":{"line":7,"column":0},"end":{"line":9,"column":3}},"3":{"start":{"line":12,"column":13},"end":{"line":18,"column":3}},"4":{"start":{"line":20,"column":13},"end":{"line":25,"column":3}},"5":{"start":{"line":28,"column":13},"end":{"line":34,"column":3}},"6":{"start":{"line":36,"column":13},"end":{"line":40,"column":3}},"7":{"start":{"line":43,"column":13},"end":{"line":48,"column":3}},"8":{"start":{"line":50,"column":13},"end":{"line":55,"column":3}},"9":{"start":{"line":57,"column":13},"end":{"line":63,"column":3}},"10":{"start":{"line":66,"column":13},"end":{"line":71,"column":3}},"11":{"start":{"line":73,"column":13},"end":{"line":77,"column":3}},"12":{"start":{"line":80,"column":0},"end":{"line":86,"column":2}},"13":{"start":{"line":89,"column":0},"end":{"line":91,"column":10}},"14":{"start":{"line":90,"column":2},"end":{"line":90,"column":34}}},"fnMap":{"0":{"name":"(anonymous_0)","decl":{"start":{"line":89,"column":12},"end":{"line":89,"column":15}},"loc":{"start":{"line":89,"column":17},"end":{"line":91,"column":1}}}},"branchMap":{"0":{"loc":{"start":{"line":82,"column":13},"end":{"line":82,"column":55}},"type":"binary-expr","locations":[{"start":{"line":82,"column":13},"end":{"line":82,"column":44}},{"start":{"line":82,"column":48},"end":{"line":82,"column":55}}]},"1":{"loc":{"start":{"line":83,"column":17},"end":{"line":83,"column":54}},"type":"binary-expr","locations":[{"start":{"line":83,"column":17},"end":{"line":83,"column":37}},{"start":{"line":83,"column":41},"end":{"line":83,"column":54}}]}},"s":{"0":0,"1":0,"2":0,"3":0,"4":0,"5":0,"6":0,"7":0,"8":0,"9":0,"10":0,"11":0,"12":0,"13":0,"14":0},"f":{"0":0},"b":{"0":[0,0],"1":[0,0]}}
,"/Users/igorbrandao/Desktop/development/front/desafio/transaction-processor-api/src/config/swagger.config.ts": {"path":"/Users/igorbrandao/Desktop/development/front/desafio/transaction-processor-api/src/config/swagger.config.ts","statementMap":{"0":{"start":{"line":1,"column":0},"end":{"line":1,"column":74}},"1":{"start":{"line":3,"column":13},"end":{"line":26,"column":11}},"2":{"start":{"line":28,"column":13},"end":{"line":30,"column":2}},"3":{"start":{"line":29,"column":68},"end":{"line":29,"column":77}},"4":{"start":{"line":32,"column":13},"end":{"line":43,"column":2}}},"fnMap":{"0":{"name":"(anonymous_0)","decl":{"start":{"line":29,"column":22},"end":{"line":29,"column":23}},"loc":{"start":{"line":29,"column":68},"end":{"line":29,"column":77}}}},"branchMap":{},"s":{"0":0,"1":0,"2":0,"3":0,"4":0},"f":{"0":0},"b":{}}
,"/Users/igorbrandao/Desktop/development/front/desafio/transaction-processor-api/src/config/validation.config.ts": {"path":"/Users/igorbrandao/Desktop/development/front/desafio/transaction-processor-api/src/config/validation.config.ts","statementMap":{"0":{"start":{"line":1,"column":0},"end":{"line":1,"column":75}},"1":{"start":{"line":2,"column":0},"end":{"line":2,"column":47}},"2":{"start":{"line":4,"column":13},"end":{"line":19,"column":3}},"3":{"start":{"line":9,"column":4},"end":{"line":9,"column":49}},"4":{"start":{"line":10,"column":4},"end":{"line":17,"column":6}}},"fnMap":{"0":{"name":"(anonymous_0)","decl":{"start":{"line":8,"column":20},"end":{"line":8,"column":21}},"loc":{"start":{"line":8,"column":31},"end":{"line":18,"column":3}}}},"branchMap":{},"s":{"0":0,"1":0,"2":0,"3":0,"4":0},"f":{"0":0},"b":{}}
,"/Users/igorbrandao/Desktop/development/front/desafio/transaction-processor-api/src/controllers/health.controller.ts": {"path":"/Users/igorbrandao/Desktop/development/front/desafio/transaction-processor-api/src/controllers/health.controller.ts","statementMap":{"0":{"start":{"line":1,"column":0},"end":{"line":1,"column":66}},"1":{"start":{"line":2,"column":0},"end":{"line":2,"column":69}},"2":{"start":{"line":4,"column":0},"end":{"line":4,"column":49}},"3":{"start":{"line":5,"column":0},"end":{"line":5,"column":47}},"4":{"start":{"line":6,"column":0},"end":{"line":6,"column":58}},"5":{"start":{"line":10,"column":7},"end":{"line":109,"column":null}},"6":{"start":{"line":78,"column":19},"end":{"line":86,"column":6}},"7":{"start":{"line":88,"column":4},"end":{"line":107,"column":5}},"8":{"start":{"line":89,"column":21},"end":{"line":89,"column":43}},"9":{"start":{"line":90,"column":6},"end":{"line":90,"column":37}},"10":{"start":{"line":91,"column":6},"end":{"line":91,"column":23}},"11":{"start":{"line":93,"column":6},"end":{"line":93,"column":36}},"12":{"start":{"line":94,"column":6},"end":{"line":94,"column":53}},"13":{"start":{"line":96,"column":6},"end":{"line":96,"column":52}},"14":{"start":{"line":98,"column":6},"end":{"line":98,"column":29}},"15":{"start":{"line":99,"column":6},"end":{"line":99,"column":38}},"16":{"start":{"line":101,"column":6},"end":{"line":104,"column":9}},"17":{"start":{"line":106,"column":6},"end":{"line":106,"column":69}},"18":{"start":{"line":10,"column":13},"end":{"line":10,"column":29}},"19":{"start":{"line":77,"column":8},"end":{"line":108,"column":null}},"20":{"start":{"line":10,"column":13},"end":{"line":109,"column":null}}},"fnMap":{"0":{"name":"(anonymous_4)","decl":{"start":{"line":77,"column":8},"end":{"line":77,"column":13}},"loc":{"start":{"line":77,"column":34},"end":{"line":108,"column":3}}}},"branchMap":{"0":{"loc":{"start":{"line":82,"column":15},"end":{"line":82,"column":57}},"type":"binary-expr","locations":[{"start":{"line":82,"column":15},"end":{"line":82,"column":46}},{"start":{"line":82,"column":50},"end":{"line":82,"column":57}}]}},"s":{"0":0,"1":0,"2":0,"3":0,"4":0,"5":0,"6":0,"7":0,"8":0,"9":0,"10":0,"11":0,"12":0,"13":0,"14":0,"15":0,"16":0,"17":0,"18":0,"19":0,"20":0},"f":{"0":0},"b":{"0":[0,0]}}
,"/Users/igorbrandao/Desktop/development/front/desafio/transaction-processor-api/src/controllers/metrics.controller.ts": {"path":"/Users/igorbrandao/Desktop/development/front/desafio/transaction-processor-api/src/controllers/metrics.controller.ts","statementMap":{"0":{"start":{"line":1,"column":0},"end":{"line":1,"column":54}},"1":{"start":{"line":3,"column":0},"end":{"line":3,"column":50}},"2":{"start":{"line":6,"column":7},"end":{"line":12,"column":null}},"3":{"start":{"line":9,"column":4},"end":{"line":9,"column":42}},"4":{"start":{"line":10,"column":4},"end":{"line":10,"column":46}},"5":{"start":{"line":6,"column":13},"end":{"line":6,"column":30}},"6":{"start":{"line":8,"column":8},"end":{"line":11,"column":null}},"7":{"start":{"line":6,"column":13},"end":{"line":12,"column":null}}},"fnMap":{"0":{"name":"(anonymous_4)","decl":{"start":{"line":8,"column":8},"end":{"line":8,"column":18}},"loc":{"start":{"line":8,"column":39},"end":{"line":11,"column":3}}}},"branchMap":{},"s":{"0":0,"1":0,"2":0,"3":0,"4":0,"5":0,"6":0,"7":0},"f":{"0":0},"b":{}}
,"/Users/igorbrandao/Desktop/development/front/desafio/transaction-processor-api/src/controllers/transactions.controller.ts": {"path":"/Users/igorbrandao/Desktop/development/front/desafio/transaction-processor-api/src/controllers/transactions.controller.ts","statementMap":{"0":{"start":{"line":1,"column":0},"end":{"line":1,"column":null}},"1":{"start":{"line":14,"column":0},"end":{"line":14,"column":null}},"2":{"start":{"line":25,"column":0},"end":{"line":25,"column":69}},"3":{"start":{"line":26,"column":0},"end":{"line":26,"column":63}},"4":{"start":{"line":27,"column":0},"end":{"line":27,"column":67}},"5":{"start":{"line":28,"column":0},"end":{"line":28,"column":67}},"6":{"start":{"line":29,"column":0},"end":{"line":29,"column":59}},"7":{"start":{"line":30,"column":0},"end":{"line":30,"column":80}},"8":{"start":{"line":31,"column":0},"end":{"line":31,"column":null}},"9":{"start":{"line":37,"column":0},"end":{"line":37,"column":47}},"10":{"start":{"line":41,"column":7},"end":{"line":626,"column":null}},"11":{"start":{"line":43,"column":21},"end":{"line":43,"column":42}},"12":{"start":{"line":44,"column":21},"end":{"line":44,"column":40}},"13":{"start":{"line":196,"column":4},"end":{"line":198,"column":7}},"14":{"start":{"line":200,"column":4},"end":{"line":200,"column":70}},"15":{"start":{"line":202,"column":4},"end":{"line":206,"column":6}},"16":{"start":{"line":386,"column":4},"end":{"line":388,"column":7}},"17":{"start":{"line":390,"column":4},"end":{"line":390,"column":54}},"18":{"start":{"line":505,"column":4},"end":{"line":505,"column":71}},"19":{"start":{"line":507,"column":4},"end":{"line":507,"column":48}},"20":{"start":{"line":572,"column":4},"end":{"line":577,"column":6}},"21":{"start":{"line":579,"column":19},"end":{"line":579,"column":75}},"22":{"start":{"line":581,"column":4},"end":{"line":585,"column":5}},"23":{"start":{"line":582,"column":6},"end":{"line":584,"column":8}},"24":{"start":{"line":587,"column":4},"end":{"line":587,"column":18}},"25":{"start":{"line":622,"column":4},"end":{"line":622,"column":76}},"26":{"start":{"line":624,"column":4},"end":{"line":624,"column":50}},"27":{"start":{"line":41,"column":13},"end":{"line":41,"column":35}},"28":{"start":{"line":195,"column":8},"end":{"line":207,"column":null}},"29":{"start":{"line":385,"column":8},"end":{"line":391,"column":null}},"30":{"start":{"line":504,"column":8},"end":{"line":508,"column":null}},"31":{"start":{"line":571,"column":8},"end":{"line":588,"column":null}},"32":{"start":{"line":621,"column":8},"end":{"line":625,"column":null}},"33":{"start":{"line":41,"column":13},"end":{"line":626,"column":null}}},"fnMap":{"0":{"name":"(anonymous_4)","decl":{"start":{"line":42,"column":2},"end":{"line":42,"column":null}},"loc":{"start":{"line":44,"column":57},"end":{"line":45,"column":6}}},"1":{"name":"(anonymous_5)","decl":{"start":{"line":195,"column":8},"end":{"line":195,"column":14}},"loc":{"start":{"line":195,"column":65},"end":{"line":207,"column":3}}},"2":{"name":"(anonymous_6)","decl":{"start":{"line":385,"column":8},"end":{"line":385,"column":15}},"loc":{"start":{"line":385,"column":55},"end":{"line":391,"column":3}}},"3":{"name":"(anonymous_7)","decl":{"start":{"line":504,"column":8},"end":{"line":504,"column":15}},"loc":{"start":{"line":504,"column":39},"end":{"line":508,"column":3}}},"4":{"name":"(anonymous_8)","decl":{"start":{"line":571,"column":8},"end":{"line":571,"column":22}},"loc":{"start":{"line":571,"column":68},"end":{"line":588,"column":3}}},"5":{"name":"(anonymous_9)","decl":{"start":{"line":621,"column":8},"end":{"line":621,"column":21}},"loc":{"start":{"line":621,"column":21},"end":{"line":625,"column":3}}}},"branchMap":{"0":{"loc":{"start":{"line":581,"column":4},"end":{"line":585,"column":5}},"type":"if","locations":[{"start":{"line":581,"column":4},"end":{"line":585,"column":5}},{"start":{},"end":{}}]},"1":{"loc":{"start":{"line":195,"column":45},"end":{"line":195,"column":null}},"type":"cond-expr","locations":[{"start":{"line":195,"column":65},"end":{"line":195,"column":null}},{"start":{"line":195,"column":65},"end":{"line":195,"column":null}}]},"2":{"loc":{"start":{"line":195,"column":45},"end":{"line":195,"column":65}},"type":"binary-expr","locations":[{"start":{"line":195,"column":45},"end":{"line":195,"column":null}},{"start":{"line":195,"column":45},"end":{"line":195,"column":65}}]},"3":{"loc":{"start":{"line":385,"column":35},"end":{"line":385,"column":null}},"type":"cond-expr","locations":[{"start":{"line":385,"column":55},"end":{"line":385,"column":null}},{"start":{"line":385,"column":55},"end":{"line":385,"column":null}}]},"4":{"loc":{"start":{"line":385,"column":35},"end":{"line":385,"column":55}},"type":"binary-expr","locations":[{"start":{"line":385,"column":35},"end":{"line":385,"column":null}},{"start":{"line":385,"column":35},"end":{"line":385,"column":55}}]},"5":{"loc":{"start":{"line":504,"column":42},"end":{"line":504,"column":null}},"type":"cond-expr","locations":[{"start":{"line":504,"column":49},"end":{"line":504,"column":null}},{"start":{"line":504,"column":49},"end":{"line":504,"column":null}}]},"6":{"loc":{"start":{"line":504,"column":42},"end":{"line":504,"column":49}},"type":"binary-expr","locations":[{"start":{"line":504,"column":42},"end":{"line":504,"column":null}},{"start":{"line":504,"column":42},"end":{"line":504,"column":49}}]},"7":{"loc":{"start":{"line":43,"column":42},"end":{"line":43,"column":null}},"type":"cond-expr","locations":[{"start":{"line":43,"column":61},"end":{"line":43,"column":null}},{"start":{"line":43,"column":61},"end":{"line":43,"column":null}}]},"8":{"loc":{"start":{"line":43,"column":42},"end":{"line":43,"column":61}},"type":"binary-expr","locations":[{"start":{"line":43,"column":42},"end":{"line":43,"column":null}},{"start":{"line":43,"column":42},"end":{"line":43,"column":61}}]},"9":{"loc":{"start":{"line":43,"column":61},"end":{"line":44,"column":null}},"type":"cond-expr","locations":[{"start":{"line":44,"column":57},"end":{"line":44,"column":null}},{"start":{"line":44,"column":57},"end":{"line":44,"column":null}}]},"10":{"loc":{"start":{"line":43,"column":61},"end":{"line":44,"column":57}},"type":"binary-expr","locations":[{"start":{"line":43,"column":61},"end":{"line":44,"column":null}},{"start":{"line":44,"column":40},"end":{"line":44,"column":57}}]}},"s":{"0":0,"1":0,"2":0,"3":0,"4":0,"5":0,"6":0,"7":0,"8":0,"9":0,"10":0,"11":0,"12":0,"13":0,"14":0,"15":0,"16":0,"17":0,"18":0,"19":0,"20":0,"21":0,"22":0,"23":0,"24":0,"25":0,"26":0,"27":0,"28":0,"29":0,"30":0,"31":0,"32":0,"33":0},"f":{"0":0,"1":0,"2":0,"3":0,"4":0,"5":0},"b":{"0":[0,0],"1":[0,0],"2":[0,0],"3":[0,0],"4":[0,0],"5":[0,0],"6":[0,0],"7":[0,0],"8":[0,0],"9":[0,0],"10":[0,0]}}
,"/Users/igorbrandao/Desktop/development/front/desafio/transaction-processor-api/src/dto/create-transaction.dto.ts": {"path":"/Users/igorbrandao/Desktop/development/front/desafio/transaction-processor-api/src/dto/create-transaction.dto.ts","statementMap":{"0":{"start":{"line":1,"column":0},"end":{"line":1,"column":null}},"1":{"start":{"line":10,"column":0},"end":{"line":10,"column":67}},"2":{"start":{"line":11,"column":0},"end":{"line":11,"column":63}},"3":{"start":{"line":12,"column":0},"end":{"line":12,"column":70}},"4":{"start":{"line":14,"column":0},"end":{"line":14,"column":13}},"5":{"start":{"line":38,"column":2},"end":{"line":38,"column":null}},"6":{"start":{"line":64,"column":2},"end":{"line":64,"column":null}},"7":{"start":{"line":129,"column":2},"end":{"line":129,"column":null}},"8":{"start":{"line":148,"column":2},"end":{"line":148,"column":null}},"9":{"start":{"line":191,"column":2},"end":{"line":191,"column":null}}},"fnMap":{},"branchMap":{"0":{"loc":{"start":{"line":148,"column":8},"end":{"line":148,"column":24}},"type":"cond-expr","locations":[{"start":{"line":148,"column":23},"end":{"line":148,"column":24}},{"start":{"line":148,"column":23},"end":{"line":148,"column":24}}]},"1":{"loc":{"start":{"line":148,"column":8},"end":{"line":148,"column":23}},"type":"binary-expr","locations":[{"start":{"line":148,"column":8},"end":{"line":148,"column":24}},{"start":{"line":148,"column":8},"end":{"line":148,"column":23}}]},"2":{"loc":{"start":{"line":191,"column":13},"end":{"line":191,"column":33}},"type":"cond-expr","locations":[{"start":{"line":191,"column":19},"end":{"line":191,"column":33}},{"start":{"line":191,"column":19},"end":{"line":191,"column":33}}]},"3":{"loc":{"start":{"line":191,"column":13},"end":{"line":191,"column":19}},"type":"binary-expr","locations":[{"start":{"line":191,"column":13},"end":{"line":191,"column":33}},{"start":{"line":191,"column":13},"end":{"line":191,"column":19}}]}},"s":{"0":0,"1":0,"2":0,"3":0,"4":0,"5":0,"6":0,"7":0,"8":0,"9":0},"f":{},"b":{"0":[0,0],"1":[0,0],"2":[0,0],"3":[0,0]}}
,"/Users/igorbrandao/Desktop/development/front/desafio/transaction-processor-api/src/dto/error-response.dto.ts": {"path":"/Users/igorbrandao/Desktop/development/front/desafio/transaction-processor-api/src/dto/error-response.dto.ts","statementMap":{"0":{"start":{"line":1,"column":0},"end":{"line":1,"column":46}},"1":{"start":{"line":3,"column":0},"end":{"line":3,"column":13}},"2":{"start":{"line":8,"column":2},"end":{"line":8,"column":null}},"3":{"start":{"line":17,"column":2},"end":{"line":17,"column":null}},"4":{"start":{"line":20,"column":0},"end":{"line":20,"column":13}},"5":{"start":{"line":25,"column":2},"end":{"line":25,"column":null}},"6":{"start":{"line":31,"column":2},"end":{"line":31,"column":null}},"7":{"start":{"line":45,"column":2},"end":{"line":45,"column":null}},"8":{"start":{"line":48,"column":0},"end":{"line":48,"column":13}},"9":{"start":{"line":53,"column":2},"end":{"line":53,"column":null}},"10":{"start":{"line":59,"column":2},"end":{"line":59,"column":null}},"11":{"start":{"line":65,"column":2},"end":{"line":65,"column":null}},"12":{"start":{"line":78,"column":2},"end":{"line":78,"column":null}},"13":{"start":{"line":81,"column":0},"end":{"line":81,"column":13}},"14":{"start":{"line":86,"column":2},"end":{"line":86,"column":null}},"15":{"start":{"line":92,"column":2},"end":{"line":92,"column":null}},"16":{"start":{"line":98,"column":2},"end":{"line":98,"column":null}},"17":{"start":{"line":104,"column":2},"end":{"line":104,"column":null}},"18":{"start":{"line":107,"column":0},"end":{"line":107,"column":13}},"19":{"start":{"line":112,"column":2},"end":{"line":112,"column":null}},"20":{"start":{"line":118,"column":2},"end":{"line":118,"column":null}},"21":{"start":{"line":124,"column":2},"end":{"line":124,"column":null}},"22":{"start":{"line":130,"column":2},"end":{"line":130,"column":null}}},"fnMap":{},"branchMap":{"0":{"loc":{"start":{"line":17,"column":15},"end":{"line":17,"column":38}},"type":"cond-expr","locations":[{"start":{"line":17,"column":21},"end":{"line":17,"column":38}},{"start":{"line":17,"column":21},"end":{"line":17,"column":38}}]},"1":{"loc":{"start":{"line":17,"column":15},"end":{"line":17,"column":21}},"type":"binary-expr","locations":[{"start":{"line":17,"column":15},"end":{"line":17,"column":38}},{"start":{"line":17,"column":15},"end":{"line":17,"column":21}}]}},"s":{"0":0,"1":0,"2":0,"3":0,"4":0,"5":0,"6":0,"7":0,"8":0,"9":0,"10":0,"11":0,"12":0,"13":0,"14":0,"15":0,"16":0,"17":0,"18":0,"19":0,"20":0,"21":0,"22":0},"f":{},"b":{"0":[0,0],"1":[0,0]}}
,"/Users/igorbrandao/Desktop/development/front/desafio/transaction-processor-api/src/dto/health-response.dto.ts": {"path":"/Users/igorbrandao/Desktop/development/front/desafio/transaction-processor-api/src/dto/health-response.dto.ts","statementMap":{"0":{"start":{"line":1,"column":0},"end":{"line":1,"column":46}},"1":{"start":{"line":3,"column":0},"end":{"line":3,"column":13}},"2":{"start":{"line":9,"column":2},"end":{"line":9,"column":null}},"3":{"start":{"line":15,"column":2},"end":{"line":15,"column":null}},"4":{"start":{"line":21,"column":2},"end":{"line":21,"column":null}},"5":{"start":{"line":27,"column":2},"end":{"line":27,"column":null}},"6":{"start":{"line":35,"column":2},"end":{"line":37,"column":null}}},"fnMap":{},"branchMap":{},"s":{"0":0,"1":0,"2":0,"3":0,"4":0,"5":0,"6":0},"f":{},"b":{}}
,"/Users/igorbrandao/Desktop/development/front/desafio/transaction-processor-api/src/dto/pagination-response.dto.ts": {"path":"/Users/igorbrandao/Desktop/development/front/desafio/transaction-processor-api/src/dto/pagination-response.dto.ts","statementMap":{"0":{"start":{"line":1,"column":0},"end":{"line":1,"column":46}},"1":{"start":{"line":2,"column":0},"end":{"line":2,"column":59}},"2":{"start":{"line":4,"column":0},"end":{"line":4,"column":13}},"3":{"start":{"line":10,"column":2},"end":{"line":10,"column":null}},"4":{"start":{"line":18,"column":2},"end":{"line":18,"column":null}},"5":{"start":{"line":25,"column":2},"end":{"line":25,"column":null}},"6":{"start":{"line":33,"column":2},"end":{"line":33,"column":null}},"7":{"start":{"line":36,"column":0},"end":{"line":36,"column":13}},"8":{"start":{"line":55,"column":2},"end":{"line":55,"column":null}},"9":{"start":{"line":68,"column":2},"end":{"line":68,"column":null}}},"fnMap":{},"branchMap":{},"s":{"0":0,"1":0,"2":0,"3":0,"4":0,"5":0,"6":0,"7":0,"8":0,"9":0},"f":{},"b":{}}
,"/Users/igorbrandao/Desktop/development/front/desafio/transaction-processor-api/src/dto/query-transactions.dto.ts": {"path":"/Users/igorbrandao/Desktop/development/front/desafio/transaction-processor-api/src/dto/query-transactions.dto.ts","statementMap":{"0":{"start":{"line":1,"column":0},"end":{"line":1,"column":null}},"1":{"start":{"line":9,"column":0},"end":{"line":9,"column":41}},"2":{"start":{"line":10,"column":0},"end":{"line":10,"column":54}},"3":{"start":{"line":11,"column":0},"end":{"line":11,"column":null}},"4":{"start":{"line":41,"column":18},"end":{"line":41,"column":19}},"5":{"start":{"line":73,"column":19},"end":{"line":73,"column":21}},"6":{"start":{"line":16,"column":0},"end":{"line":16,"column":13}},"7":{"start":{"line":41,"column":2},"end":{"line":41,"column":null}},"8":{"start":{"line":38,"column":14},"end":{"line":38,"column":20}},"9":{"start":{"line":73,"column":2},"end":{"line":73,"column":null}},"10":{"start":{"line":69,"column":14},"end":{"line":69,"column":20}},"11":{"start":{"line":97,"column":2},"end":{"line":97,"column":null}},"12":{"start":{"line":117,"column":2},"end":{"line":117,"column":null}},"13":{"start":{"line":140,"column":2},"end":{"line":140,"column":null}},"14":{"start":{"line":163,"column":2},"end":{"line":163,"column":null}}},"fnMap":{"0":{"name":"(anonymous_2)","decl":{"start":{"line":38,"column":8},"end":{"line":38,"column":11}},"loc":{"start":{"line":38,"column":14},"end":{"line":38,"column":20}}},"1":{"name":"(anonymous_3)","decl":{"start":{"line":69,"column":8},"end":{"line":69,"column":11}},"loc":{"start":{"line":69,"column":14},"end":{"line":69,"column":20}}}},"branchMap":{"0":{"loc":{"start":{"line":97,"column":11},"end":{"line":97,"column":29}},"type":"cond-expr","locations":[{"start":{"line":97,"column":28},"end":{"line":97,"column":29}},{"start":{"line":97,"column":28},"end":{"line":97,"column":29}}]},"1":{"loc":{"start":{"line":97,"column":11},"end":{"line":97,"column":28}},"type":"binary-expr","locations":[{"start":{"line":97,"column":11},"end":{"line":97,"column":29}},{"start":{"line":97,"column":11},"end":{"line":97,"column":28}}]},"2":{"loc":{"start":{"line":117,"column":9},"end":{"line":117,"column":25}},"type":"cond-expr","locations":[{"start":{"line":117,"column":24},"end":{"line":117,"column":25}},{"start":{"line":117,"column":24},"end":{"line":117,"column":25}}]},"3":{"loc":{"start":{"line":117,"column":9},"end":{"line":117,"column":24}},"type":"binary-expr","locations":[{"start":{"line":117,"column":9},"end":{"line":117,"column":25}},{"start":{"line":117,"column":9},"end":{"line":117,"column":24}}]}},"s":{"0":0,"1":0,"2":0,"3":0,"4":0,"5":0,"6":0,"7":0,"8":0,"9":0,"10":0,"11":0,"12":0,"13":0,"14":0},"f":{"0":0,"1":0},"b":{"0":[0,0],"1":[0,0],"2":[0,0],"3":[0,0]}}
,"/Users/igorbrandao/Desktop/development/front/desafio/transaction-processor-api/src/entities/transaction.entity.ts": {"path":"/Users/igorbrandao/Desktop/development/front/desafio/transaction-processor-api/src/entities/transaction.entity.ts","statementMap":{"0":{"start":{"line":1,"column":0},"end":{"line":1,"column":67}},"1":{"start":{"line":3,"column":0},"end":{"line":3,"column":null}},"2":{"start":{"line":4,"column":2},"end":{"line":4,"column":null}},"3":{"start":{"line":5,"column":2},"end":{"line":5,"column":null}},"4":{"start":{"line":8,"column":0},"end":{"line":8,"column":null}},"5":{"start":{"line":9,"column":2},"end":{"line":9,"column":null}},"6":{"start":{"line":10,"column":2},"end":{"line":10,"column":null}},"7":{"start":{"line":11,"column":2},"end":{"line":11,"column":null}},"8":{"start":{"line":14,"column":0},"end":{"line":14,"column":13}},"9":{"start":{"line":31,"column":2},"end":{"line":31,"column":null}},"10":{"start":{"line":49,"column":2},"end":{"line":49,"column":null}},"11":{"start":{"line":71,"column":2},"end":{"line":71,"column":null}},"12":{"start":{"line":133,"column":2},"end":{"line":133,"column":null}},"13":{"start":{"line":151,"column":2},"end":{"line":151,"column":null}},"14":{"start":{"line":172,"column":2},"end":{"line":172,"column":null}},"15":{"start":{"line":207,"column":2},"end":{"line":207,"column":null}},"16":{"start":{"line":224,"column":2},"end":{"line":224,"column":null}},"17":{"start":{"line":241,"column":2},"end":{"line":241,"column":null}}},"fnMap":{"0":{"name":"(anonymous_2)","decl":{"start":{"line":3,"column":0},"end":{"line":3,"column":12}},"loc":{"start":{"line":3,"column":27},"end":{"line":6,"column":1}}},"1":{"name":"(anonymous_3)","decl":{"start":{"line":8,"column":0},"end":{"line":8,"column":12}},"loc":{"start":{"line":8,"column":29},"end":{"line":12,"column":1}}}},"branchMap":{"0":{"loc":{"start":{"line":3,"column":12},"end":{"line":3,"column":null}},"type":"binary-expr","locations":[{"start":{"line":3,"column":12},"end":{"line":3,"column":27}},{"start":{"line":3,"column":27},"end":{"line":3,"column":null}}]},"1":{"loc":{"start":{"line":8,"column":12},"end":{"line":8,"column":null}},"type":"binary-expr","locations":[{"start":{"line":8,"column":12},"end":{"line":8,"column":29}},{"start":{"line":8,"column":29},"end":{"line":8,"column":null}}]},"2":{"loc":{"start":{"line":207,"column":13},"end":{"line":207,"column":33}},"type":"cond-expr","locations":[{"start":{"line":207,"column":19},"end":{"line":207,"column":33}},{"start":{"line":207,"column":19},"end":{"line":207,"column":33}}]},"3":{"loc":{"start":{"line":207,"column":13},"end":{"line":207,"column":19}},"type":"binary-expr","locations":[{"start":{"line":207,"column":13},"end":{"line":207,"column":33}},{"start":{"line":207,"column":13},"end":{"line":207,"column":19}}]},"4":{"loc":{"start":{"line":224,"column":13},"end":{"line":224,"column":18}},"type":"cond-expr","locations":[{"start":{"line":224,"column":17},"end":{"line":224,"column":18}},{"start":{"line":224,"column":17},"end":{"line":224,"column":18}}]},"5":{"loc":{"start":{"line":224,"column":13},"end":{"line":224,"column":17}},"type":"binary-expr","locations":[{"start":{"line":224,"column":13},"end":{"line":224,"column":18}},{"start":{"line":224,"column":13},"end":{"line":224,"column":17}}]},"6":{"loc":{"start":{"line":241,"column":13},"end":{"line":241,"column":18}},"type":"cond-expr","locations":[{"start":{"line":241,"column":17},"end":{"line":241,"column":18}},{"start":{"line":241,"column":17},"end":{"line":241,"column":18}}]},"7":{"loc":{"start":{"line":241,"column":13},"end":{"line":241,"column":17}},"type":"binary-expr","locations":[{"start":{"line":241,"column":13},"end":{"line":241,"column":18}},{"start":{"line":241,"column":13},"end":{"line":241,"column":17}}]}},"s":{"0":0,"1":0,"2":0,"3":0,"4":0,"5":0,"6":0,"7":0,"8":0,"9":0,"10":0,"11":0,"12":0,"13":0,"14":0,"15":0,"16":0,"17":0},"f":{"0":0,"1":0},"b":{"0":[0,0],"1":[0,0],"2":[0,0],"3":[0,0],"4":[0,0],"5":[0,0],"6":[0,0],"7":[0,0]}}
,"/Users/igorbrandao/Desktop/development/front/desafio/transaction-processor-api/src/filters/http-exception.filter.ts": {"path":"/Users/igorbrandao/Desktop/development/front/desafio/transaction-processor-api/src/filters/http-exception.filter.ts","statementMap":{"0":{"start":{"line":1,"column":0},"end":{"line":1,"column":null}},"1":{"start":{"line":9,"column":0},"end":{"line":9,"column":47}},"2":{"start":{"line":12,"column":7},"end":{"line":87,"column":null}},"3":{"start":{"line":13,"column":34},"end":{"line":18,"column":4}},"4":{"start":{"line":21,"column":16},"end":{"line":21,"column":35}},"5":{"start":{"line":22,"column":21},"end":{"line":22,"column":48}},"6":{"start":{"line":23,"column":20},"end":{"line":23,"column":45}},"7":{"start":{"line":26,"column":6},"end":{"line":28,"column":42}},"8":{"start":{"line":31,"column":6},"end":{"line":33,"column":46}},"9":{"start":{"line":35,"column":25},"end":{"line":36,"column":null}},"10":{"start":{"line":36,"column":6},"end":{"line":36,"column":33}},"11":{"start":{"line":39,"column":4},"end":{"line":49,"column":5}},"12":{"start":{"line":40,"column":6},"end":{"line":47,"column":9}},"13":{"start":{"line":48,"column":6},"end":{"line":48,"column":13}},"14":{"start":{"line":51,"column":4},"end":{"line":76,"column":5}},"15":{"start":{"line":52,"column":6},"end":{"line":58,"column":9}},"16":{"start":{"line":59,"column":11},"end":{"line":76,"column":5}},"17":{"start":{"line":60,"column":6},"end":{"line":67,"column":9}},"18":{"start":{"line":69,"column":6},"end":{"line":75,"column":9}},"19":{"start":{"line":78,"column":4},"end":{"line":85,"column":7}},"20":{"start":{"line":12,"column":13},"end":{"line":12,"column":32}},"21":{"start":{"line":12,"column":13},"end":{"line":87,"column":null}}},"fnMap":{"0":{"name":"(anonymous_1)","decl":{"start":{"line":20,"column":2},"end":{"line":20,"column":7}},"loc":{"start":{"line":20,"column":47},"end":{"line":86,"column":3}}},"1":{"name":"(anonymous_2)","decl":{"start":{"line":35,"column":48},"end":{"line":35,"column":49}},"loc":{"start":{"line":36,"column":6},"end":{"line":36,"column":33}}}},"branchMap":{"0":{"loc":{"start":{"line":26,"column":6},"end":{"line":28,"column":42}},"type":"cond-expr","locations":[{"start":{"line":27,"column":10},"end":{"line":27,"column":31}},{"start":{"line":28,"column":10},"end":{"line":28,"column":42}}]},"1":{"loc":{"start":{"line":31,"column":6},"end":{"line":33,"column":46}},"type":"cond-expr","locations":[{"start":{"line":32,"column":10},"end":{"line":32,"column":33}},{"start":{"line":33,"column":10},"end":{"line":33,"column":46}}]},"2":{"loc":{"start":{"line":39,"column":4},"end":{"line":49,"column":5}},"type":"if","locations":[{"start":{"line":39,"column":4},"end":{"line":49,"column":5}},{"start":{},"end":{}}]},"3":{"loc":{"start":{"line":39,"column":8},"end":{"line":39,"column":55}},"type":"binary-expr","locations":[{"start":{"line":39,"column":8},"end":{"line":39,"column":20}},{"start":{"line":39,"column":24},"end":{"line":39,"column":55}}]},"4":{"loc":{"start":{"line":44,"column":12},"end":{"line":46,"column":25}},"type":"cond-expr","locations":[{"start":{"line":45,"column":12},"end":{"line":45,"column":38}},{"start":{"line":46,"column":12},"end":{"line":46,"column":25}}]},"5":{"loc":{"start":{"line":51,"column":4},"end":{"line":76,"column":5}},"type":"if","locations":[{"start":{"line":51,"column":4},"end":{"line":76,"column":5}},{"start":{"line":59,"column":11},"end":{"line":76,"column":5}}]},"6":{"loc":{"start":{"line":55,"column":10},"end":{"line":55,"column":76}},"type":"cond-expr","locations":[{"start":{"line":55,"column":39},"end":{"line":55,"column":56}},{"start":{"line":55,"column":59},"end":{"line":55,"column":76}}]},"7":{"loc":{"start":{"line":59,"column":11},"end":{"line":76,"column":5}},"type":"if","locations":[{"start":{"line":59,"column":11},"end":{"line":76,"column":5}},{"start":{"line":68,"column":11},"end":{"line":76,"column":5}}]},"8":{"loc":{"start":{"line":63,"column":10},"end":{"line":63,"column":76}},"type":"cond-expr","locations":[{"start":{"line":63,"column":39},"end":{"line":63,"column":56}},{"start":{"line":63,"column":59},"end":{"line":63,"column":76}}]},"9":{"loc":{"start":{"line":64,"column":15},"end":{"line":64,"column":71}},"type":"cond-expr","locations":[{"start":{"line":64,"column":44},"end":{"line":64,"column":59}},{"start":{"line":64,"column":62},"end":{"line":64,"column":71}}]},"10":{"loc":{"start":{"line":72,"column":10},"end":{"line":72,"column":76}},"type":"cond-expr","locations":[{"start":{"line":72,"column":39},"end":{"line":72,"column":56}},{"start":{"line":72,"column":59},"end":{"line":72,"column":76}}]},"11":{"loc":{"start":{"line":82,"column":10},"end":{"line":84,"column":23}},"type":"cond-expr","locations":[{"start":{"line":83,"column":10},"end":{"line":83,"column":36}},{"start":{"line":84,"column":10},"end":{"line":84,"column":23}}]}},"s":{"0":0,"1":0,"2":0,"3":0,"4":0,"5":0,"6":0,"7":0,"8":0,"9":0,"10":0,"11":0,"12":0,"13":0,"14":0,"15":0,"16":0,"17":0,"18":0,"19":0,"20":0,"21":0},"f":{"0":0,"1":0},"b":{"0":[0,0],"1":[0,0],"2":[0,0],"3":[0,0],"4":[0,0],"5":[0,0],"6":[0,0],"7":[0,0],"8":[0,0],"9":[0,0],"10":[0,0],"11":[0,0]}}
,"/Users/igorbrandao/Desktop/development/front/desafio/transaction-processor-api/src/middleware/error-handler.middleware.ts": {"path":"/Users/igorbrandao/Desktop/development/front/desafio/transaction-processor-api/src/middleware/error-handler.middleware.ts","statementMap":{"0":{"start":{"line":1,"column":0},"end":{"line":1,"column":60}},"1":{"start":{"line":3,"column":0},"end":{"line":3,"column":47}},"2":{"start":{"line":6,"column":7},"end":{"line":50,"column":null}},"3":{"start":{"line":7,"column":34},"end":{"line":12,"column":4}},"4":{"start":{"line":15,"column":25},"end":{"line":15,"column":33}},"5":{"start":{"line":16,"column":25},"end":{"line":16,"column":42}},"6":{"start":{"line":18,"column":4},"end":{"line":46,"column":6}},"7":{"start":{"line":19,"column":27},"end":{"line":20,"column":null}},"8":{"start":{"line":20,"column":8},"end":{"line":20,"column":31}},"9":{"start":{"line":23,"column":6},"end":{"line":25,"column":7}},"10":{"start":{"line":24,"column":8},"end":{"line":24,"column":45}},"11":{"start":{"line":27,"column":6},"end":{"line":43,"column":7}},"12":{"start":{"line":28,"column":8},"end":{"line":42,"column":9}},"13":{"start":{"line":29,"column":10},"end":{"line":29,"column":47}},"14":{"start":{"line":30,"column":15},"end":{"line":42,"column":9}},"15":{"start":{"line":31,"column":10},"end":{"line":35,"column":13}},"16":{"start":{"line":37,"column":10},"end":{"line":41,"column":13}},"17":{"start":{"line":45,"column":6},"end":{"line":45,"column":43}},"18":{"start":{"line":48,"column":4},"end":{"line":48,"column":11}},"19":{"start":{"line":6,"column":13},"end":{"line":6,"column":35}},"20":{"start":{"line":6,"column":13},"end":{"line":50,"column":null}}},"fnMap":{"0":{"name":"(anonymous_1)","decl":{"start":{"line":14,"column":2},"end":{"line":14,"column":5}},"loc":{"start":{"line":14,"column":53},"end":{"line":49,"column":3}}},"1":{"name":"(anonymous_2)","decl":{"start":{"line":18,"column":15},"end":{"line":18,"column":25}},"loc":{"start":{"line":18,"column":34},"end":{"line":46,"column":5}}},"2":{"name":"(anonymous_3)","decl":{"start":{"line":19,"column":45},"end":{"line":19,"column":46}},"loc":{"start":{"line":20,"column":8},"end":{"line":20,"column":31}}}},"branchMap":{"0":{"loc":{"start":{"line":23,"column":6},"end":{"line":25,"column":7}},"type":"if","locations":[{"start":{"line":23,"column":6},"end":{"line":25,"column":7}},{"start":{},"end":{}}]},"1":{"loc":{"start":{"line":27,"column":6},"end":{"line":43,"column":7}},"type":"if","locations":[{"start":{"line":27,"column":6},"end":{"line":43,"column":7}},{"start":{},"end":{}}]},"2":{"loc":{"start":{"line":28,"column":8},"end":{"line":42,"column":9}},"type":"if","locations":[{"start":{"line":28,"column":8},"end":{"line":42,"column":9}},{"start":{"line":30,"column":15},"end":{"line":42,"column":9}}]},"3":{"loc":{"start":{"line":30,"column":15},"end":{"line":42,"column":9}},"type":"if","locations":[{"start":{"line":30,"column":15},"end":{"line":42,"column":9}},{"start":{"line":36,"column":15},"end":{"line":42,"column":9}}]}},"s":{"0":0,"1":0,"2":0,"3":0,"4":0,"5":0,"6":0,"7":0,"8":0,"9":0,"10":0,"11":0,"12":0,"13":0,"14":0,"15":0,"16":0,"17":0,"18":0,"19":0,"20":0},"f":{"0":0,"1":0,"2":0},"b":{"0":[0,0],"1":[0,0],"2":[0,0],"3":[0,0]}}
,"/Users/igorbrandao/Desktop/development/front/desafio/transaction-processor-api/src/middleware/logger.middleware.ts": {"path":"/Users/igorbrandao/Desktop/development/front/desafio/transaction-processor-api/src/middleware/logger.middleware.ts","statementMap":{"0":{"start":{"line":1,"column":0},"end":{"line":1,"column":60}},"1":{"start":{"line":3,"column":0},"end":{"line":3,"column":47}},"2":{"start":{"line":4,"column":0},"end":{"line":4,"column":79}},"3":{"start":{"line":7,"column":7},"end":{"line":45,"column":null}},"4":{"start":{"line":9,"column":22},"end":{"line":9,"column":32}},"5":{"start":{"line":10,"column":18},"end":{"line":10,"column":45}},"6":{"start":{"line":13,"column":4},"end":{"line":15,"column":5}},"7":{"start":{"line":14,"column":6},"end":{"line":14,"column":20}},"8":{"start":{"line":17,"column":4},"end":{"line":23,"column":7}},"9":{"start":{"line":25,"column":4},"end":{"line":41,"column":7}},"10":{"start":{"line":26,"column":23},"end":{"line":26,"column":54}},"11":{"start":{"line":27,"column":25},"end":{"line":27,"column":50}},"12":{"start":{"line":30,"column":6},"end":{"line":32,"column":27}},"13":{"start":{"line":33,"column":6},"end":{"line":33,"column":67}},"14":{"start":{"line":35,"column":6},"end":{"line":40,"column":9}},"15":{"start":{"line":43,"column":4},"end":{"line":43,"column":11}},"16":{"start":{"line":7,"column":13},"end":{"line":7,"column":29}},"17":{"start":{"line":7,"column":13},"end":{"line":45,"column":null}}},"fnMap":{"0":{"name":"(anonymous_1)","decl":{"start":{"line":8,"column":2},"end":{"line":8,"column":5}},"loc":{"start":{"line":8,"column":53},"end":{"line":44,"column":3}}},"1":{"name":"(anonymous_2)","decl":{"start":{"line":25,"column":21},"end":{"line":25,"column":24}},"loc":{"start":{"line":25,"column":26},"end":{"line":41,"column":5}}}},"branchMap":{"0":{"loc":{"start":{"line":10,"column":18},"end":{"line":10,"column":45}},"type":"binary-expr","locations":[{"start":{"line":10,"column":18},"end":{"line":10,"column":33}},{"start":{"line":10,"column":37},"end":{"line":10,"column":45}}]},"1":{"loc":{"start":{"line":13,"column":4},"end":{"line":15,"column":5}},"type":"if","locations":[{"start":{"line":13,"column":4},"end":{"line":15,"column":5}},{"start":{},"end":{}}]}},"s":{"0":0,"1":0,"2":0,"3":0,"4":0,"5":0,"6":0,"7":0,"8":0,"9":0,"10":0,"11":0,"12":0,"13":0,"14":0,"15":0,"16":0,"17":0},"f":{"0":0,"1":0},"b":{"0":[0,0],"1":[0,0]}}
,"/Users/igorbrandao/Desktop/development/front/desafio/transaction-processor-api/src/processors/transaction.processor.ts": {"path":"/Users/igorbrandao/Desktop/development/front/desafio/transaction-processor-api/src/processors/transaction.processor.ts","statementMap":{"0":{"start":{"line":1,"column":0},"end":{"line":1,"column":50}},"1":{"start":{"line":3,"column":0},"end":{"line":3,"column":44}},"2":{"start":{"line":4,"column":0},"end":{"line":4,"column":69}},"3":{"start":{"line":6,"column":0},"end":{"line":6,"column":63}},"4":{"start":{"line":7,"column":0},"end":{"line":7,"column":65}},"5":{"start":{"line":8,"column":0},"end":{"line":8,"column":47}},"6":{"start":{"line":12,"column":7},"end":{"line":77,"column":null}},"7":{"start":{"line":13,"column":31},"end":{"line":13,"column":52}},"8":{"start":{"line":17,"column":54},"end":{"line":17,"column":62}},"9":{"start":{"line":19,"column":4},"end":{"line":23,"column":7}},"10":{"start":{"line":25,"column":4},"end":{"line":75,"column":5}},"11":{"start":{"line":26,"column":26},"end":{"line":31,"column":8}},"12":{"start":{"line":33,"column":35},"end":{"line":35,"column":null}},"13":{"start":{"line":38,"column":6},"end":{"line":42,"column":9}},"14":{"start":{"line":44,"column":6},"end":{"line":44,"column":34}},"15":{"start":{"line":46,"column":6},"end":{"line":65,"column":7}},"16":{"start":{"line":47,"column":8},"end":{"line":64,"column":9}},"17":{"start":{"line":49,"column":12},"end":{"line":49,"column":77}},"18":{"start":{"line":50,"column":10},"end":{"line":58,"column":11}},"19":{"start":{"line":54,"column":12},"end":{"line":57,"column":14}},"20":{"start":{"line":60,"column":10},"end":{"line":63,"column":13}},"21":{"start":{"line":67,"column":6},"end":{"line":72,"column":9}},"22":{"start":{"line":74,"column":6},"end":{"line":74,"column":18}},"23":{"start":{"line":12,"column":13},"end":{"line":12,"column":33}},"24":{"start":{"line":16,"column":8},"end":{"line":76,"column":null}},"25":{"start":{"line":12,"column":13},"end":{"line":77,"column":null}}},"fnMap":{"0":{"name":"(anonymous_2)","decl":{"start":{"line":13,"column":2},"end":{"line":13,"column":31}},"loc":{"start":{"line":13,"column":71},"end":{"line":13,"column":75}}},"1":{"name":"(anonymous_3)","decl":{"start":{"line":16,"column":8},"end":{"line":16,"column":25}},"loc":{"start":{"line":16,"column":56},"end":{"line":76,"column":3}}}},"branchMap":{"0":{"loc":{"start":{"line":46,"column":6},"end":{"line":65,"column":7}},"type":"if","locations":[{"start":{"line":46,"column":6},"end":{"line":65,"column":7}},{"start":{},"end":{}}]},"1":{"loc":{"start":{"line":50,"column":10},"end":{"line":58,"column":11}},"type":"if","locations":[{"start":{"line":50,"column":10},"end":{"line":58,"column":11}},{"start":{},"end":{}}]},"2":{"loc":{"start":{"line":51,"column":12},"end":{"line":52,"column":68}},"type":"binary-expr","locations":[{"start":{"line":51,"column":12},"end":{"line":51,"column":31}},{"start":{"line":52,"column":12},"end":{"line":52,"column":68}}]},"3":{"loc":{"start":{"line":13,"column":52},"end":{"line":13,"column":74}},"type":"cond-expr","locations":[{"start":{"line":13,"column":71},"end":{"line":13,"column":74}},{"start":{"line":13,"column":71},"end":{"line":13,"column":74}}]},"4":{"loc":{"start":{"line":13,"column":52},"end":{"line":13,"column":71}},"type":"binary-expr","locations":[{"start":{"line":13,"column":52},"end":{"line":13,"column":74}},{"start":{"line":13,"column":52},"end":{"line":13,"column":71}}]}},"s":{"0":0,"1":0,"2":0,"3":0,"4":0,"5":0,"6":0,"7":0,"8":0,"9":0,"10":0,"11":0,"12":0,"13":0,"14":0,"15":0,"16":0,"17":0,"18":0,"19":0,"20":0,"21":0,"22":0,"23":0,"24":0,"25":0},"f":{"0":0,"1":0},"b":{"0":[0,0],"1":[0,0],"2":[0,0],"3":[0,0],"4":[0,0]}}
,"/Users/igorbrandao/Desktop/development/front/desafio/transaction-processor-api/src/queues/transactions.queue.ts": {"path":"/Users/igorbrandao/Desktop/development/front/desafio/transaction-processor-api/src/queues/transactions.queue.ts","statementMap":{"0":{"start":{"line":1,"column":0},"end":{"line":1,"column":43}},"1":{"start":{"line":3,"column":0},"end":{"line":3,"column":44}},"2":{"start":{"line":5,"column":0},"end":{"line":5,"column":63}},"3":{"start":{"line":8,"column":7},"end":{"line":84,"column":null}},"4":{"start":{"line":11,"column":21},"end":{"line":11,"column":66}},"5":{"start":{"line":15,"column":4},"end":{"line":22,"column":7}},"6":{"start":{"line":26,"column":16},"end":{"line":26,"column":65}},"7":{"start":{"line":27,"column":4},"end":{"line":29,"column":5}},"8":{"start":{"line":28,"column":6},"end":{"line":28,"column":18}},"9":{"start":{"line":31,"column":18},"end":{"line":31,"column":38}},"10":{"start":{"line":33,"column":6},"end":{"line":33,"column":78}},"11":{"start":{"line":34,"column":19},"end":{"line":34,"column":34}},"12":{"start":{"line":35,"column":25},"end":{"line":35,"column":41}},"13":{"start":{"line":37,"column":4},"end":{"line":46,"column":6}},"14":{"start":{"line":50,"column":58},"end":{"line":56,"column":6}},"15":{"start":{"line":58,"column":4},"end":{"line":82,"column":6}},"16":{"start":{"line":65,"column":39},"end":{"line":69,"column":10}},"17":{"start":{"line":70,"column":37},"end":{"line":74,"column":10}},"18":{"start":{"line":75,"column":39},"end":{"line":80,"column":10}},"19":{"start":{"line":8,"column":13},"end":{"line":8,"column":30}},"20":{"start":{"line":8,"column":13},"end":{"line":84,"column":null}}},"fnMap":{"0":{"name":"(anonymous_4)","decl":{"start":{"line":9,"column":2},"end":{"line":9,"column":null}},"loc":{"start":{"line":11,"column":66},"end":{"line":12,"column":6}}},"1":{"name":"(anonymous_5)","decl":{"start":{"line":14,"column":2},"end":{"line":14,"column":7}},"loc":{"start":{"line":14,"column":48},"end":{"line":23,"column":3}}},"2":{"name":"(anonymous_6)","decl":{"start":{"line":25,"column":2},"end":{"line":25,"column":7}},"loc":{"start":{"line":25,"column":42},"end":{"line":47,"column":3}}},"3":{"name":"(anonymous_7)","decl":{"start":{"line":49,"column":2},"end":{"line":49,"column":7}},"loc":{"start":{"line":49,"column":21},"end":{"line":83,"column":3}}},"4":{"name":"(anonymous_8)","decl":{"start":{"line":65,"column":29},"end":{"line":65,"column":30}},"loc":{"start":{"line":65,"column":39},"end":{"line":69,"column":10}}},"5":{"name":"(anonymous_9)","decl":{"start":{"line":70,"column":27},"end":{"line":70,"column":28}},"loc":{"start":{"line":70,"column":37},"end":{"line":74,"column":10}}},"6":{"name":"(anonymous_10)","decl":{"start":{"line":75,"column":29},"end":{"line":75,"column":30}},"loc":{"start":{"line":75,"column":39},"end":{"line":80,"column":10}}}},"branchMap":{"0":{"loc":{"start":{"line":17,"column":25},"end":{"line":17,"column":67}},"type":"binary-expr","locations":[{"start":{"line":17,"column":25},"end":{"line":17,"column":60}},{"start":{"line":17,"column":64},"end":{"line":17,"column":67}}]},"1":{"loc":{"start":{"line":20,"column":24},"end":{"line":20,"column":66}},"type":"binary-expr","locations":[{"start":{"line":20,"column":24},"end":{"line":20,"column":56}},{"start":{"line":20,"column":60},"end":{"line":20,"column":66}}]},"2":{"loc":{"start":{"line":27,"column":4},"end":{"line":29,"column":5}},"type":"if","locations":[{"start":{"line":27,"column":4},"end":{"line":29,"column":5}},{"start":{},"end":{}}]},"3":{"loc":{"start":{"line":33,"column":6},"end":{"line":33,"column":78}},"type":"cond-expr","locations":[{"start":{"line":33,"column":43},"end":{"line":33,"column":63}},{"start":{"line":33,"column":66},"end":{"line":33,"column":78}}]},"4":{"loc":{"start":{"line":79,"column":18},"end":{"line":79,"column":40}},"type":"binary-expr","locations":[{"start":{"line":79,"column":18},"end":{"line":79,"column":35}},{"start":{"line":79,"column":39},"end":{"line":79,"column":40}}]}},"s":{"0":0,"1":0,"2":0,"3":0,"4":0,"5":0,"6":0,"7":0,"8":0,"9":0,"10":0,"11":0,"12":0,"13":0,"14":0,"15":0,"16":0,"17":0,"18":0,"19":0,"20":0},"f":{"0":0,"1":0,"2":0,"3":0,"4":0,"5":0,"6":0},"b":{"0":[0,0],"1":[0,0],"2":[0,0],"3":[0,0],"4":[0,0]}}
,"/Users/igorbrandao/Desktop/development/front/desafio/transaction-processor-api/src/repositories/transactions.repository.ts": {"path":"/Users/igorbrandao/Desktop/development/front/desafio/transaction-processor-api/src/repositories/transactions.repository.ts","statementMap":{"0":{"start":{"line":1,"column":0},"end":{"line":1,"column":49}},"1":{"start":{"line":2,"column":0},"end":{"line":2,"column":null}},"2":{"start":{"line":7,"column":0},"end":{"line":7,"column":47}},"3":{"start":{"line":11,"column":4},"end":{"line":21,"column":6}},"4":{"start":{"line":27,"column":19},"end":{"line":27,"column":41}},"5":{"start":{"line":29,"column":4},"end":{"line":88,"column":5}},"6":{"start":{"line":30,"column":6},"end":{"line":30,"column":34}},"7":{"start":{"line":32,"column":26},"end":{"line":34,"column":null}},"8":{"start":{"line":37,"column":6},"end":{"line":43,"column":7}},"9":{"start":{"line":38,"column":8},"end":{"line":38,"column":37}},"10":{"start":{"line":39,"column":8},"end":{"line":41,"column":11}},"11":{"start":{"line":42,"column":8},"end":{"line":42,"column":56}},"12":{"start":{"line":45,"column":21},"end":{"line":56,"column":null}},"13":{"start":{"line":59,"column":6},"end":{"line":59,"column":35}},"14":{"start":{"line":60,"column":6},"end":{"line":62,"column":9}},"15":{"start":{"line":64,"column":6},"end":{"line":64,"column":49}},"16":{"start":{"line":66,"column":6},"end":{"line":66,"column":37}},"17":{"start":{"line":68,"column":6},"end":{"line":79,"column":7}},"18":{"start":{"line":69,"column":31},"end":{"line":71,"column":null}},"19":{"start":{"line":73,"column":8},"end":{"line":78,"column":9}},"20":{"start":{"line":74,"column":10},"end":{"line":76,"column":13}},"21":{"start":{"line":77,"column":10},"end":{"line":77,"column":61}},"22":{"start":{"line":81,"column":6},"end":{"line":84,"column":9}},"23":{"start":{"line":85,"column":6},"end":{"line":85,"column":18}},"24":{"start":{"line":87,"column":6},"end":{"line":87,"column":23}},"25":{"start":{"line":92,"column":4},"end":{"line":109,"column":5}},"26":{"start":{"line":93,"column":21},"end":{"line":95,"column":null}},"27":{"start":{"line":98,"column":6},"end":{"line":100,"column":7}},"28":{"start":{"line":99,"column":8},"end":{"line":99,"column":20}},"29":{"start":{"line":102,"column":6},"end":{"line":102,"column":49}},"30":{"start":{"line":104,"column":6},"end":{"line":107,"column":9}},"31":{"start":{"line":108,"column":6},"end":{"line":108,"column":18}},"32":{"start":{"line":115,"column":4},"end":{"line":132,"column":5}},"33":{"start":{"line":116,"column":21},"end":{"line":118,"column":null}},"34":{"start":{"line":121,"column":6},"end":{"line":123,"column":7}},"35":{"start":{"line":122,"column":8},"end":{"line":122,"column":20}},"36":{"start":{"line":125,"column":6},"end":{"line":125,"column":49}},"37":{"start":{"line":127,"column":6},"end":{"line":130,"column":9}},"38":{"start":{"line":131,"column":6},"end":{"line":131,"column":18}},"39":{"start":{"line":143,"column":4},"end":{"line":202,"column":5}},"40":{"start":{"line":144,"column":19},"end":{"line":144,"column":34}},"41":{"start":{"line":145,"column":20},"end":{"line":145,"column":37}},"42":{"start":{"line":146,"column":21},"end":{"line":146,"column":39}},"43":{"start":{"line":148,"column":40},"end":{"line":148,"column":42}},"44":{"start":{"line":149,"column":33},"end":{"line":149,"column":35}},"45":{"start":{"line":150,"column":23},"end":{"line":150,"column":24}},"46":{"start":{"line":152,"column":6},"end":{"line":156,"column":7}},"47":{"start":{"line":153,"column":8},"end":{"line":153,"column":56}},"48":{"start":{"line":154,"column":8},"end":{"line":154,"column":39}},"49":{"start":{"line":155,"column":8},"end":{"line":155,"column":21}},"50":{"start":{"line":158,"column":6},"end":{"line":162,"column":7}},"51":{"start":{"line":159,"column":8},"end":{"line":159,"column":54}},"52":{"start":{"line":160,"column":8},"end":{"line":160,"column":37}},"53":{"start":{"line":161,"column":8},"end":{"line":161,"column":21}},"54":{"start":{"line":164,"column":6},"end":{"line":168,"column":7}},"55":{"start":{"line":165,"column":8},"end":{"line":165,"column":61}},"56":{"start":{"line":166,"column":8},"end":{"line":166,"column":42}},"57":{"start":{"line":167,"column":8},"end":{"line":167,"column":21}},"58":{"start":{"line":170,"column":6},"end":{"line":174,"column":7}},"59":{"start":{"line":171,"column":8},"end":{"line":171,"column":61}},"60":{"start":{"line":172,"column":8},"end":{"line":172,"column":40}},"61":{"start":{"line":173,"column":8},"end":{"line":173,"column":21}},"62":{"start":{"line":177,"column":8},"end":{"line":179,"column":14}},"63":{"start":{"line":181,"column":26},"end":{"line":183,"column":null}},"64":{"start":{"line":185,"column":20},"end":{"line":185,"column":55}},"65":{"start":{"line":187,"column":6},"end":{"line":187,"column":38}},"66":{"start":{"line":188,"column":21},"end":{"line":192,"column":null}},"67":{"start":{"line":195,"column":6},"end":{"line":198,"column":8}},"68":{"start":{"line":196,"column":47},"end":{"line":196,"column":71}},"69":{"start":{"line":200,"column":6},"end":{"line":200,"column":75}},"70":{"start":{"line":201,"column":6},"end":{"line":201,"column":18}},"71":{"start":{"line":209,"column":4},"end":{"line":228,"column":5}},"72":{"start":{"line":210,"column":21},"end":{"line":212,"column":null}},"73":{"start":{"line":215,"column":6},"end":{"line":217,"column":7}},"74":{"start":{"line":216,"column":8},"end":{"line":216,"column":63}},"75":{"start":{"line":219,"column":6},"end":{"line":219,"column":64}},"76":{"start":{"line":220,"column":6},"end":{"line":220,"column":49}},"77":{"start":{"line":222,"column":6},"end":{"line":226,"column":9}},"78":{"start":{"line":227,"column":6},"end":{"line":227,"column":18}},"79":{"start":{"line":9,"column":0},"end":{"line":9,"column":13}}},"fnMap":{"0":{"name":"(anonymous_0)","decl":{"start":{"line":10,"column":10},"end":{"line":10,"column":24}},"loc":{"start":{"line":10,"column":44},"end":{"line":22,"column":3}}},"1":{"name":"(anonymous_1)","decl":{"start":{"line":24,"column":2},"end":{"line":24,"column":7}},"loc":{"start":{"line":25,"column":68},"end":{"line":89,"column":3}}},"2":{"name":"(anonymous_2)","decl":{"start":{"line":91,"column":2},"end":{"line":91,"column":7}},"loc":{"start":{"line":91,"column":27},"end":{"line":110,"column":3}}},"3":{"name":"(anonymous_3)","decl":{"start":{"line":112,"column":2},"end":{"line":112,"column":7}},"loc":{"start":{"line":113,"column":25},"end":{"line":133,"column":3}}},"4":{"name":"(anonymous_4)","decl":{"start":{"line":135,"column":2},"end":{"line":135,"column":7}},"loc":{"start":{"line":142,"column":3},"end":{"line":203,"column":3}}},"5":{"name":"(anonymous_5)","decl":{"start":{"line":196,"column":38},"end":{"line":196,"column":39}},"loc":{"start":{"line":196,"column":47},"end":{"line":196,"column":71}}},"6":{"name":"(anonymous_6)","decl":{"start":{"line":205,"column":2},"end":{"line":205,"column":7}},"loc":{"start":{"line":207,"column":29},"end":{"line":229,"column":3}}}},"branchMap":{"0":{"loc":{"start":{"line":37,"column":6},"end":{"line":43,"column":7}},"type":"if","locations":[{"start":{"line":37,"column":6},"end":{"line":43,"column":7}},{"start":{},"end":{}}]},"1":{"loc":{"start":{"line":54,"column":10},"end":{"line":54,"column":57}},"type":"binary-expr","locations":[{"start":{"line":54,"column":10},"end":{"line":54,"column":28}},{"start":{"line":54,"column":32},"end":{"line":54,"column":57}}]},"2":{"loc":{"start":{"line":55,"column":10},"end":{"line":55,"column":76}},"type":"cond-expr","locations":[{"start":{"line":55,"column":33},"end":{"line":55,"column":69}},{"start":{"line":55,"column":72},"end":{"line":55,"column":76}}]},"3":{"loc":{"start":{"line":68,"column":6},"end":{"line":79,"column":7}},"type":"if","locations":[{"start":{"line":68,"column":6},"end":{"line":79,"column":7}},{"start":{},"end":{}}]},"4":{"loc":{"start":{"line":73,"column":8},"end":{"line":78,"column":9}},"type":"if","locations":[{"start":{"line":73,"column":8},"end":{"line":78,"column":9}},{"start":{},"end":{}}]},"5":{"loc":{"start":{"line":98,"column":6},"end":{"line":100,"column":7}},"type":"if","locations":[{"start":{"line":98,"column":6},"end":{"line":100,"column":7}},{"start":{},"end":{}}]},"6":{"loc":{"start":{"line":121,"column":6},"end":{"line":123,"column":7}},"type":"if","locations":[{"start":{"line":121,"column":6},"end":{"line":123,"column":7}},{"start":{},"end":{}}]},"7":{"loc":{"start":{"line":144,"column":19},"end":{"line":144,"column":34}},"type":"binary-expr","locations":[{"start":{"line":144,"column":19},"end":{"line":144,"column":29}},{"start":{"line":144,"column":33},"end":{"line":144,"column":34}}]},"8":{"loc":{"start":{"line":145,"column":20},"end":{"line":145,"column":37}},"type":"binary-expr","locations":[{"start":{"line":145,"column":20},"end":{"line":145,"column":31}},{"start":{"line":145,"column":35},"end":{"line":145,"column":37}}]},"9":{"loc":{"start":{"line":152,"column":6},"end":{"line":156,"column":7}},"type":"if","locations":[{"start":{"line":152,"column":6},"end":{"line":156,"column":7}},{"start":{},"end":{}}]},"10":{"loc":{"start":{"line":158,"column":6},"end":{"line":162,"column":7}},"type":"if","locations":[{"start":{"line":158,"column":6},"end":{"line":162,"column":7}},{"start":{},"end":{}}]},"11":{"loc":{"start":{"line":164,"column":6},"end":{"line":168,"column":7}},"type":"if","locations":[{"start":{"line":164,"column":6},"end":{"line":168,"column":7}},{"start":{},"end":{}}]},"12":{"loc":{"start":{"line":170,"column":6},"end":{"line":174,"column":7}},"type":"if","locations":[{"start":{"line":170,"column":6},"end":{"line":174,"column":7}},{"start":{},"end":{}}]},"13":{"loc":{"start":{"line":177,"column":8},"end":{"line":179,"column":14}},"type":"cond-expr","locations":[{"start":{"line":178,"column":12},"end":{"line":178,"column":52}},{"start":{"line":179,"column":12},"end":{"line":179,"column":14}}]},"14":{"loc":{"start":{"line":215,"column":6},"end":{"line":217,"column":7}},"type":"if","locations":[{"start":{"line":215,"column":6},"end":{"line":217,"column":7}},{"start":{},"end":{}}]}},"s":{"0":0,"1":0,"2":0,"3":0,"4":0,"5":0,"6":0,"7":0,"8":0,"9":0,"10":0,"11":0,"12":0,"13":0,"14":0,"15":0,"16":0,"17":0,"18":0,"19":0,"20":0,"21":0,"22":0,"23":0,"24":0,"25":0,"26":0,"27":0,"28":0,"29":0,"30":0,"31":0,"32":0,"33":0,"34":0,"35":0,"36":0,"37":0,"38":0,"39":0,"40":0,"41":0,"42":0,"43":0,"44":0,"45":0,"46":0,"47":0,"48":0,"49":0,"50":0,"51":0,"52":0,"53":0,"54":0,"55":0,"56":0,"57":0,"58":0,"59":0,"60":0,"61":0,"62":0,"63":0,"64":0,"65":0,"66":0,"67":0,"68":0,"69":0,"70":0,"71":0,"72":0,"73":0,"74":0,"75":0,"76":0,"77":0,"78":0,"79":0},"f":{"0":0,"1":0,"2":0,"3":0,"4":0,"5":0,"6":0},"b":{"0":[0,0],"1":[0,0],"2":[0,0],"3":[0,0],"4":[0,0],"5":[0,0],"6":[0,0],"7":[0,0],"8":[0,0],"9":[0,0],"10":[0,0],"11":[0,0],"12":[0,0],"13":[0,0],"14":[0,0]}}
,"/Users/igorbrandao/Desktop/development/front/desafio/transaction-processor-api/src/services/transactions.service.ts": {"path":"/Users/igorbrandao/Desktop/development/front/desafio/transaction-processor-api/src/services/transactions.service.ts","statementMap":{"0":{"start":{"line":1,"column":0},"end":{"line":1,"column":null}},"1":{"start":{"line":6,"column":0},"end":{"line":6,"column":79}},"2":{"start":{"line":9,"column":0},"end":{"line":9,"column":78}},"3":{"start":{"line":10,"column":0},"end":{"line":10,"column":47}},"4":{"start":{"line":13,"column":7},"end":{"line":137,"column":null}},"5":{"start":{"line":15,"column":21},"end":{"line":15,"column":45}},"6":{"start":{"line":21,"column":4},"end":{"line":23,"column":7}},"7":{"start":{"line":26,"column":6},"end":{"line":27,"column":null}},"8":{"start":{"line":30,"column":4},"end":{"line":39,"column":5}},"9":{"start":{"line":31,"column":6},"end":{"line":33,"column":9}},"10":{"start":{"line":34,"column":6},"end":{"line":38,"column":9}},"11":{"start":{"line":41,"column":77},"end":{"line":48,"column":6}},"12":{"start":{"line":50,"column":4},"end":{"line":72,"column":5}},"13":{"start":{"line":52,"column":8},"end":{"line":52,"column":61}},"14":{"start":{"line":53,"column":6},"end":{"line":56,"column":9}},"15":{"start":{"line":57,"column":6},"end":{"line":57,"column":32}},"16":{"start":{"line":59,"column":6},"end":{"line":69,"column":7}},"17":{"start":{"line":60,"column":25},"end":{"line":61,"column":null}},"18":{"start":{"line":63,"column":8},"end":{"line":68,"column":9}},"19":{"start":{"line":64,"column":10},"end":{"line":66,"column":13}},"20":{"start":{"line":67,"column":10},"end":{"line":67,"column":26}},"21":{"start":{"line":70,"column":6},"end":{"line":70,"column":75}},"22":{"start":{"line":71,"column":6},"end":{"line":71,"column":18}},"23":{"start":{"line":76,"column":4},"end":{"line":76,"column":47}},"24":{"start":{"line":78,"column":24},"end":{"line":78,"column":70}},"25":{"start":{"line":80,"column":4},"end":{"line":83,"column":5}},"26":{"start":{"line":81,"column":6},"end":{"line":81,"column":51}},"27":{"start":{"line":82,"column":6},"end":{"line":82,"column":73}},"28":{"start":{"line":85,"column":4},"end":{"line":85,"column":23}},"29":{"start":{"line":97,"column":4},"end":{"line":97,"column":61}},"30":{"start":{"line":99,"column":17},"end":{"line":99,"column":35}},"31":{"start":{"line":100,"column":18},"end":{"line":100,"column":38}},"32":{"start":{"line":102,"column":19},"end":{"line":109,"column":6}},"33":{"start":{"line":111,"column":23},"end":{"line":111,"column":54}},"34":{"start":{"line":113,"column":4},"end":{"line":121,"column":6}},"35":{"start":{"line":128,"column":4},"end":{"line":128,"column":63}},"36":{"start":{"line":129,"column":4},"end":{"line":129,"column":64}},"37":{"start":{"line":135,"column":4},"end":{"line":135,"column":74}},"38":{"start":{"line":13,"column":13},"end":{"line":13,"column":32}},"39":{"start":{"line":13,"column":13},"end":{"line":137,"column":null}}},"fnMap":{"0":{"name":"(anonymous_2)","decl":{"start":{"line":14,"column":2},"end":{"line":14,"column":null}},"loc":{"start":{"line":15,"column":67},"end":{"line":16,"column":6}}},"1":{"name":"(anonymous_3)","decl":{"start":{"line":18,"column":2},"end":{"line":18,"column":7}},"loc":{"start":{"line":19,"column":46},"end":{"line":73,"column":3}}},"2":{"name":"(anonymous_4)","decl":{"start":{"line":75,"column":2},"end":{"line":75,"column":7}},"loc":{"start":{"line":75,"column":26},"end":{"line":86,"column":3}}},"3":{"name":"(anonymous_5)","decl":{"start":{"line":88,"column":2},"end":{"line":88,"column":7}},"loc":{"start":{"line":88,"column":46},"end":{"line":122,"column":3}}},"4":{"name":"(anonymous_6)","decl":{"start":{"line":124,"column":2},"end":{"line":124,"column":7}},"loc":{"start":{"line":126,"column":29},"end":{"line":130,"column":3}}},"5":{"name":"(anonymous_7)","decl":{"start":{"line":132,"column":2},"end":{"line":132,"column":7}},"loc":{"start":{"line":133,"column":25},"end":{"line":136,"column":3}}}},"branchMap":{"0":{"loc":{"start":{"line":30,"column":4},"end":{"line":39,"column":5}},"type":"if","locations":[{"start":{"line":30,"column":4},"end":{"line":39,"column":5}},{"start":{},"end":{}}]},"1":{"loc":{"start":{"line":59,"column":6},"end":{"line":69,"column":7}},"type":"if","locations":[{"start":{"line":59,"column":6},"end":{"line":69,"column":7}},{"start":{},"end":{}}]},"2":{"loc":{"start":{"line":59,"column":10},"end":{"line":59,"column":72}},"type":"binary-expr","locations":[{"start":{"line":59,"column":10},"end":{"line":59,"column":32}},{"start":{"line":59,"column":36},"end":{"line":59,"column":72}}]},"3":{"loc":{"start":{"line":63,"column":8},"end":{"line":68,"column":9}},"type":"if","locations":[{"start":{"line":63,"column":8},"end":{"line":68,"column":9}},{"start":{},"end":{}}]},"4":{"loc":{"start":{"line":80,"column":4},"end":{"line":83,"column":5}},"type":"if","locations":[{"start":{"line":80,"column":4},"end":{"line":83,"column":5}},{"start":{},"end":{}}]},"5":{"loc":{"start":{"line":99,"column":17},"end":{"line":99,"column":35}},"type":"binary-expr","locations":[{"start":{"line":99,"column":17},"end":{"line":99,"column":30}},{"start":{"line":99,"column":34},"end":{"line":99,"column":35}}]},"6":{"loc":{"start":{"line":100,"column":18},"end":{"line":100,"column":38}},"type":"binary-expr","locations":[{"start":{"line":100,"column":18},"end":{"line":100,"column":32}},{"start":{"line":100,"column":36},"end":{"line":100,"column":38}}]},"7":{"loc":{"start":{"line":15,"column":45},"end":{"line":15,"column":null}},"type":"cond-expr","locations":[{"start":{"line":15,"column":67},"end":{"line":15,"column":null}},{"start":{"line":15,"column":67},"end":{"line":15,"column":null}}]},"8":{"loc":{"start":{"line":15,"column":45},"end":{"line":15,"column":67}},"type":"binary-expr","locations":[{"start":{"line":15,"column":45},"end":{"line":15,"column":null}},{"start":{"line":15,"column":45},"end":{"line":15,"column":67}}]}},"s":{"0":0,"1":0,"2":0,"3":0,"4":0,"5":0,"6":0,"7":0,"8":0,"9":0,"10":0,"11":0,"12":0,"13":0,"14":0,"15":0,"16":0,"17":0,"18":0,"19":0,"20":0,"21":0,"22":0,"23":0,"24":0,"25":0,"26":0,"27":0,"28":0,"29":0,"30":0,"31":0,"32":0,"33":0,"34":0,"35":0,"36":0,"37":0,"38":0,"39":0},"f":{"0":0,"1":0,"2":0,"3":0,"4":0,"5":0},"b":{"0":[0,0],"1":[0,0],"2":[0,0],"3":[0,0],"4":[0,0],"5":[0,0],"6":[0,0],"7":[0,0],"8":[0,0]}}
,"/Users/igorbrandao/Desktop/development/front/desafio/transaction-processor-api/src/utils/validators.ts": {"path":"/Users/igorbrandao/Desktop/development/front/desafio/transaction-processor-api/src/utils/validators.ts","statementMap":{"0":{"start":{"line":50,"column":0},"end":{"line":50,"column":16}},"1":{"start":{"line":72,"column":0},"end":{"line":72,"column":16}},"2":{"start":{"line":1,"column":0},"end":{"line":1,"column":null}},"3":{"start":{"line":7,"column":25},"end":{"line":48,"column":2}},"4":{"start":{"line":51,"column":2},"end":{"line":69,"column":4}},"5":{"start":{"line":52,"column":4},"end":{"line":68,"column":7}},"6":{"start":{"line":59,"column":10},"end":{"line":61,"column":11}},"7":{"start":{"line":60,"column":12},"end":{"line":60,"column":25}},"8":{"start":{"line":62,"column":10},"end":{"line":62,"column":64}},"9":{"start":{"line":65,"column":10},"end":{"line":65,"column":97}},"10":{"start":{"line":73,"column":2},"end":{"line":92,"column":4}},"11":{"start":{"line":74,"column":4},"end":{"line":91,"column":7}},"12":{"start":{"line":81,"column":10},"end":{"line":83,"column":11}},"13":{"start":{"line":82,"column":12},"end":{"line":82,"column":25}},"14":{"start":{"line":84,"column":32},"end":{"line":84,"column":77}},"15":{"start":{"line":85,"column":10},"end":{"line":85,"column":36}},"16":{"start":{"line":88,"column":10},"end":{"line":88,"column":71}}},"fnMap":{"0":{"name":"IsCurrencyCode","decl":{"start":{"line":50,"column":16},"end":{"line":50,"column":30}},"loc":{"start":{"line":50,"column":68},"end":{"line":70,"column":1}}},"1":{"name":"(anonymous_1)","decl":{"start":{"line":51,"column":9},"end":{"line":51,"column":19}},"loc":{"start":{"line":51,"column":55},"end":{"line":69,"column":3}}},"2":{"name":"(anonymous_2)","decl":{"start":{"line":58,"column":8},"end":{"line":58,"column":16}},"loc":{"start":{"line":58,"column":31},"end":{"line":63,"column":9}}},"3":{"name":"(anonymous_3)","decl":{"start":{"line":64,"column":8},"end":{"line":64,"column":22}},"loc":{"start":{"line":64,"column":48},"end":{"line":66,"column":9}}},"4":{"name":"IsAmountPrecision","decl":{"start":{"line":72,"column":16},"end":{"line":72,"column":33}},"loc":{"start":{"line":72,"column":71},"end":{"line":93,"column":1}}},"5":{"name":"(anonymous_5)","decl":{"start":{"line":73,"column":9},"end":{"line":73,"column":19}},"loc":{"start":{"line":73,"column":55},"end":{"line":92,"column":3}}},"6":{"name":"(anonymous_6)","decl":{"start":{"line":80,"column":8},"end":{"line":80,"column":16}},"loc":{"start":{"line":80,"column":31},"end":{"line":86,"column":9}}},"7":{"name":"(anonymous_7)","decl":{"start":{"line":87,"column":8},"end":{"line":87,"column":22}},"loc":{"start":{"line":87,"column":48},"end":{"line":89,"column":9}}}},"branchMap":{"0":{"loc":{"start":{"line":59,"column":10},"end":{"line":61,"column":11}},"type":"if","locations":[{"start":{"line":59,"column":10},"end":{"line":61,"column":11}},{"start":{},"end":{}}]},"1":{"loc":{"start":{"line":81,"column":10},"end":{"line":83,"column":11}},"type":"if","locations":[{"start":{"line":81,"column":10},"end":{"line":83,"column":11}},{"start":{},"end":{}}]},"2":{"loc":{"start":{"line":84,"column":33},"end":{"line":84,"column":69}},"type":"binary-expr","locations":[{"start":{"line":84,"column":33},"end":{"line":84,"column":63}},{"start":{"line":84,"column":67},"end":{"line":84,"column":69}}]}},"s":{"0":0,"1":0,"2":0,"3":0,"4":0,"5":0,"6":0,"7":0,"8":0,"9":0,"10":0,"11":0,"12":0,"13":0,"14":0,"15":0,"16":0},"f":{"0":0,"1":0,"2":0,"3":0,"4":0,"5":0,"6":0,"7":0},"b":{"0":[0,0],"1":[0,0],"2":[0,0]}}
}
