{"/Users/igorbrandao/Desktop/development/front/desafio/transaction-processor-api/src/app.controller.ts": {"path":"/Users/igorbrandao/Desktop/development/front/desafio/transaction-processor-api/src/app.controller.ts","statementMap":{"0":{"start":{"line":1,"column":0},"end":{"line":1,"column":49}},"1":{"start":{"line":2,"column":0},"end":{"line":2,"column":42}},"2":{"start":{"line":5,"column":7},"end":{"line":12,"column":null}},"3":{"start":{"line":6,"column":31},"end":{"line":6,"column":43}},"4":{"start":{"line":10,"column":4},"end":{"line":10,"column":38}},"5":{"start":{"line":5,"column":13},"end":{"line":5,"column":26}},"6":{"start":{"line":9,"column":2},"end":{"line":11,"column":null}},"7":{"start":{"line":5,"column":13},"end":{"line":12,"column":null}}},"fnMap":{"0":{"name":"(anonymous_2)","decl":{"start":{"line":6,"column":2},"end":{"line":6,"column":31}},"loc":{"start":{"line":6,"column":53},"end":{"line":6,"column":57}}},"1":{"name":"(anonymous_3)","decl":{"start":{"line":9,"column":2},"end":{"line":9,"column":10}},"loc":{"start":{"line":9,"column":10},"end":{"line":11,"column":3}}}},"branchMap":{"0":{"loc":{"start":{"line":6,"column":43},"end":{"line":6,"column":56}},"type":"cond-expr","locations":[{"start":{"line":6,"column":53},"end":{"line":6,"column":56}},{"start":{"line":6,"column":53},"end":{"line":6,"column":56}}]},"1":{"loc":{"start":{"line":6,"column":43},"end":{"line":6,"column":53}},"type":"binary-expr","locations":[{"start":{"line":6,"column":43},"end":{"line":6,"column":56}},{"start":{"line":6,"column":43},"end":{"line":6,"column":53}}]}},"s":{"0":1,"1":1,"2":1,"3":2,"4":1,"5":1,"6":1,"7":1},"f":{"0":2,"1":1},"b":{"0":[1,0],"1":[1,1]}}
,"/Users/igorbrandao/Desktop/development/front/desafio/transaction-processor-api/src/app.module.ts": {"path":"/Users/igorbrandao/Desktop/development/front/desafio/transaction-processor-api/src/app.module.ts","statementMap":{"0":{"start":{"line":1,"column":0},"end":{"line":1,"column":72}},"1":{"start":{"line":2,"column":0},"end":{"line":2,"column":42}},"2":{"start":{"line":3,"column":0},"end":{"line":3,"column":48}},"3":{"start":{"line":4,"column":0},"end":{"line":4,"column":42}},"4":{"start":{"line":5,"column":0},"end":{"line":5,"column":78}},"5":{"start":{"line":6,"column":0},"end":{"line":6,"column":66}},"6":{"start":{"line":7,"column":0},"end":{"line":7,"column":68}},"7":{"start":{"line":8,"column":0},"end":{"line":8,"column":69}},"8":{"start":{"line":9,"column":0},"end":{"line":9,"column":79}},"9":{"start":{"line":10,"column":0},"end":{"line":10,"column":63}},"10":{"start":{"line":11,"column":0},"end":{"line":11,"column":73}},"11":{"start":{"line":12,"column":0},"end":{"line":12,"column":67}},"12":{"start":{"line":13,"column":0},"end":{"line":13,"column":70}},"13":{"start":{"line":14,"column":0},"end":{"line":14,"column":55}},"14":{"start":{"line":58,"column":7},"end":{"line":62,"column":null}},"15":{"start":{"line":60,"column":4},"end":{"line":60,"column":53}},"16":{"start":{"line":58,"column":13},"end":{"line":58,"column":22}},"17":{"start":{"line":58,"column":13},"end":{"line":62,"column":null}}},"fnMap":{"0":{"name":"(anonymous_1)","decl":{"start":{"line":59,"column":2},"end":{"line":59,"column":11}},"loc":{"start":{"line":59,"column":40},"end":{"line":61,"column":3}}}},"branchMap":{"0":{"loc":{"start":{"line":20,"column":14},"end":{"line":20,"column":51}},"type":"binary-expr","locations":[{"start":{"line":20,"column":14},"end":{"line":20,"column":36}},{"start":{"line":20,"column":40},"end":{"line":20,"column":51}}]},"1":{"loc":{"start":{"line":21,"column":23},"end":{"line":21,"column":55}},"type":"binary-expr","locations":[{"start":{"line":21,"column":23},"end":{"line":21,"column":45}},{"start":{"line":21,"column":49},"end":{"line":21,"column":55}}]},"2":{"loc":{"start":{"line":22,"column":18},"end":{"line":22,"column":57}},"type":"binary-expr","locations":[{"start":{"line":22,"column":18},"end":{"line":22,"column":44}},{"start":{"line":22,"column":48},"end":{"line":22,"column":57}}]},"3":{"loc":{"start":{"line":28,"column":27},"end":{"line":28,"column":69}},"type":"binary-expr","locations":[{"start":{"line":28,"column":27},"end":{"line":28,"column":62}},{"start":{"line":28,"column":66},"end":{"line":28,"column":69}}]},"4":{"loc":{"start":{"line":31,"column":26},"end":{"line":31,"column":68}},"type":"binary-expr","locations":[{"start":{"line":31,"column":26},"end":{"line":31,"column":58}},{"start":{"line":31,"column":62},"end":{"line":31,"column":68}}]},"5":{"loc":{"start":{"line":34,"column":10},"end":{"line":34,"column":56}},"type":"binary-expr","locations":[{"start":{"line":34,"column":10},"end":{"line":34,"column":47}},{"start":{"line":34,"column":51},"end":{"line":34,"column":56}}]},"6":{"loc":{"start":{"line":37,"column":31},"end":{"line":37,"column":74}},"type":"binary-expr","locations":[{"start":{"line":37,"column":31},"end":{"line":37,"column":64}},{"start":{"line":37,"column":68},"end":{"line":37,"column":74}}]}},"s":{"0":0,"1":0,"2":0,"3":0,"4":0,"5":0,"6":0,"7":0,"8":0,"9":0,"10":0,"11":0,"12":0,"13":0,"14":0,"15":0,"16":0,"17":0},"f":{"0":0},"b":{"0":[0,0],"1":[0,0],"2":[0,0],"3":[0,0],"4":[0,0],"5":[0,0],"6":[0,0]}}
,"/Users/igorbrandao/Desktop/development/front/desafio/transaction-processor-api/src/app.service.ts": {"path":"/Users/igorbrandao/Desktop/development/front/desafio/transaction-processor-api/src/app.service.ts","statementMap":{"0":{"start":{"line":1,"column":0},"end":{"line":1,"column":44}},"1":{"start":{"line":4,"column":7},"end":{"line":8,"column":null}},"2":{"start":{"line":6,"column":4},"end":{"line":6,"column":26}},"3":{"start":{"line":4,"column":13},"end":{"line":4,"column":23}},"4":{"start":{"line":4,"column":13},"end":{"line":8,"column":null}}},"fnMap":{"0":{"name":"(anonymous_1)","decl":{"start":{"line":5,"column":2},"end":{"line":5,"column":10}},"loc":{"start":{"line":5,"column":10},"end":{"line":7,"column":3}}}},"branchMap":{},"s":{"0":2,"1":2,"2":2,"3":2,"4":2},"f":{"0":2},"b":{}}
,"/Users/igorbrandao/Desktop/development/front/desafio/transaction-processor-api/src/config/app.config.ts": {"path":"/Users/igorbrandao/Desktop/development/front/desafio/transaction-processor-api/src/config/app.config.ts","statementMap":{"0":{"start":{"line":9,"column":0},"end":{"line":9,"column":16}},"1":{"start":{"line":1,"column":0},"end":{"line":1,"column":66}},"2":{"start":{"line":2,"column":0},"end":{"line":2,"column":48}},"3":{"start":{"line":3,"column":0},"end":{"line":3,"column":null}},"4":{"start":{"line":10,"column":2},"end":{"line":10,"column":29}},"5":{"start":{"line":12,"column":2},"end":{"line":21,"column":4}},"6":{"start":{"line":23,"column":19},"end":{"line":26,"column":null}},"7":{"start":{"line":28,"column":2},"end":{"line":28,"column":70}}},"fnMap":{"0":{"name":"configureApp","decl":{"start":{"line":9,"column":16},"end":{"line":9,"column":28}},"loc":{"start":{"line":9,"column":50},"end":{"line":29,"column":1}}}},"branchMap":{},"s":{"0":0,"1":0,"2":0,"3":0,"4":0,"5":0,"6":0,"7":0},"f":{"0":0},"b":{}}
,"/Users/igorbrandao/Desktop/development/front/desafio/transaction-processor-api/src/config/logger.config.ts": {"path":"/Users/igorbrandao/Desktop/development/front/desafio/transaction-processor-api/src/config/logger.config.ts","statementMap":{"0":{"start":{"line":1,"column":0},"end":{"line":1,"column":30}},"1":{"start":{"line":4,"column":17},"end":{"line":4,"column":48}},"2":{"start":{"line":6,"column":13},"end":{"line":22,"column":3}}},"fnMap":{},"branchMap":{"0":{"loc":{"start":{"line":4,"column":17},"end":{"line":4,"column":48}},"type":"binary-expr","locations":[{"start":{"line":4,"column":17},"end":{"line":4,"column":38}},{"start":{"line":4,"column":42},"end":{"line":4,"column":48}}]}},"s":{"0":0,"1":0,"2":0},"f":{},"b":{"0":[0,0]}}
,"/Users/igorbrandao/Desktop/development/front/desafio/transaction-processor-api/src/config/metrics.config.ts": {"path":"/Users/igorbrandao/Desktop/development/front/desafio/transaction-processor-api/src/config/metrics.config.ts","statementMap":{"0":{"start":{"line":1,"column":0},"end":{"line":1,"column":66}},"1":{"start":{"line":3,"column":13},"end":{"line":3,"column":39}},"2":{"start":{"line":5,"column":0},"end":{"line":7,"column":3}},"3":{"start":{"line":9,"column":13},"end":{"line":15,"column":3}},"4":{"start":{"line":17,"column":13},"end":{"line":22,"column":3}},"5":{"start":{"line":24,"column":13},"end":{"line":29,"column":3}},"6":{"start":{"line":31,"column":13},"end":{"line":36,"column":3}},"7":{"start":{"line":38,"column":13},"end":{"line":43,"column":3}},"8":{"start":{"line":45,"column":13},"end":{"line":50,"column":3}},"9":{"start":{"line":52,"column":13},"end":{"line":57,"column":3}},"10":{"start":{"line":59,"column":13},"end":{"line":65,"column":3}},"11":{"start":{"line":67,"column":13},"end":{"line":71,"column":3}},"12":{"start":{"line":73,"column":0},"end":{"line":73,"column":45}},"13":{"start":{"line":74,"column":0},"end":{"line":74,"column":42}},"14":{"start":{"line":75,"column":0},"end":{"line":75,"column":43}},"15":{"start":{"line":76,"column":0},"end":{"line":76,"column":45}},"16":{"start":{"line":77,"column":0},"end":{"line":77,"column":47}},"17":{"start":{"line":78,"column":0},"end":{"line":78,"column":47}},"18":{"start":{"line":79,"column":0},"end":{"line":79,"column":45}},"19":{"start":{"line":80,"column":0},"end":{"line":80,"column":47}},"20":{"start":{"line":81,"column":0},"end":{"line":81,"column":42}}},"fnMap":{},"branchMap":{},"s":{"0":0,"1":0,"2":0,"3":0,"4":0,"5":0,"6":0,"7":0,"8":0,"9":0,"10":0,"11":0,"12":0,"13":0,"14":0,"15":0,"16":0,"17":0,"18":0,"19":0,"20":0},"f":{},"b":{}}
,"/Users/igorbrandao/Desktop/development/front/desafio/transaction-processor-api/src/config/migrations.config.ts": {"path":"/Users/igorbrandao/Desktop/development/front/desafio/transaction-processor-api/src/config/migrations.config.ts","statementMap":{"0":{"start":{"line":4,"column":0},"end":{"line":4,"column":16}},"1":{"start":{"line":1,"column":0},"end":{"line":1,"column":41}},"2":{"start":{"line":2,"column":0},"end":{"line":2,"column":47}},"3":{"start":{"line":5,"column":2},"end":{"line":17,"column":3}},"4":{"start":{"line":6,"column":4},"end":{"line":6,"column":48}},"5":{"start":{"line":7,"column":4},"end":{"line":10,"column":7}},"6":{"start":{"line":11,"column":4},"end":{"line":11,"column":60}},"7":{"start":{"line":13,"column":4},"end":{"line":15,"column":7}},"8":{"start":{"line":16,"column":4},"end":{"line":16,"column":16}}},"fnMap":{"0":{"name":"runMigrations","decl":{"start":{"line":4,"column":16},"end":{"line":4,"column":29}},"loc":{"start":{"line":4,"column":29},"end":{"line":18,"column":1}}}},"branchMap":{"0":{"loc":{"start":{"line":14,"column":13},"end":{"line":14,"column":69}},"type":"cond-expr","locations":[{"start":{"line":14,"column":38},"end":{"line":14,"column":51}},{"start":{"line":14,"column":54},"end":{"line":14,"column":69}}]}},"s":{"0":0,"1":0,"2":0,"3":0,"4":0,"5":0,"6":0,"7":0,"8":0},"f":{"0":0},"b":{"0":[0,0]}}
,"/Users/igorbrandao/Desktop/development/front/desafio/transaction-processor-api/src/config/prisma.service.ts": {"path":"/Users/igorbrandao/Desktop/development/front/desafio/transaction-processor-api/src/config/prisma.service.ts","statementMap":{"0":{"start":{"line":1,"column":0},"end":{"line":1,"column":75}},"1":{"start":{"line":2,"column":0},"end":{"line":2,"column":46}},"2":{"start":{"line":3,"column":0},"end":{"line":3,"column":26}},"3":{"start":{"line":4,"column":0},"end":{"line":4,"column":46}},"4":{"start":{"line":7,"column":7},"end":{"line":33,"column":null}},"5":{"start":{"line":12,"column":17},"end":{"line":14,"column":6}},"6":{"start":{"line":15,"column":20},"end":{"line":15,"column":38}},"7":{"start":{"line":17,"column":4},"end":{"line":23,"column":7}},"8":{"start":{"line":27,"column":4},"end":{"line":27,"column":26}},"9":{"start":{"line":31,"column":4},"end":{"line":31,"column":29}},"10":{"start":{"line":7,"column":13},"end":{"line":7,"column":26}},"11":{"start":{"line":7,"column":13},"end":{"line":33,"column":null}}},"fnMap":{"0":{"name":"(anonymous_2)","decl":{"start":{"line":11,"column":2},"end":{"line":11,"column":null}},"loc":{"start":{"line":11,"column":2},"end":{"line":24,"column":3}}},"1":{"name":"(anonymous_3)","decl":{"start":{"line":26,"column":2},"end":{"line":26,"column":7}},"loc":{"start":{"line":26,"column":20},"end":{"line":28,"column":3}}},"2":{"name":"(anonymous_4)","decl":{"start":{"line":30,"column":2},"end":{"line":30,"column":7}},"loc":{"start":{"line":30,"column":23},"end":{"line":32,"column":3}}}},"branchMap":{"0":{"loc":{"start":{"line":20,"column":8},"end":{"line":22,"column":21}},"type":"cond-expr","locations":[{"start":{"line":21,"column":12},"end":{"line":21,"column":38}},{"start":{"line":22,"column":12},"end":{"line":22,"column":21}}]}},"s":{"0":0,"1":0,"2":0,"3":0,"4":0,"5":0,"6":0,"7":0,"8":0,"9":0,"10":0,"11":0},"f":{"0":0,"1":0,"2":0},"b":{"0":[0,0]}}
,"/Users/igorbrandao/Desktop/development/front/desafio/transaction-processor-api/src/config/swagger.config.ts": {"path":"/Users/igorbrandao/Desktop/development/front/desafio/transaction-processor-api/src/config/swagger.config.ts","statementMap":{"0":{"start":{"line":1,"column":0},"end":{"line":1,"column":74}},"1":{"start":{"line":3,"column":13},"end":{"line":26,"column":11}},"2":{"start":{"line":28,"column":13},"end":{"line":30,"column":2}},"3":{"start":{"line":29,"column":68},"end":{"line":29,"column":77}},"4":{"start":{"line":32,"column":13},"end":{"line":43,"column":2}}},"fnMap":{"0":{"name":"(anonymous_0)","decl":{"start":{"line":29,"column":22},"end":{"line":29,"column":23}},"loc":{"start":{"line":29,"column":68},"end":{"line":29,"column":77}}}},"branchMap":{},"s":{"0":0,"1":0,"2":0,"3":0,"4":0},"f":{"0":0},"b":{}}
,"/Users/igorbrandao/Desktop/development/front/desafio/transaction-processor-api/src/controllers/health.controller.ts": {"path":"/Users/igorbrandao/Desktop/development/front/desafio/transaction-processor-api/src/controllers/health.controller.ts","statementMap":{"0":{"start":{"line":1,"column":0},"end":{"line":1,"column":49}},"1":{"start":{"line":2,"column":0},"end":{"line":2,"column":55}},"2":{"start":{"line":3,"column":0},"end":{"line":3,"column":47}},"3":{"start":{"line":6,"column":7},"end":{"line":43,"column":null}},"4":{"start":{"line":7,"column":31},"end":{"line":7,"column":39}},"5":{"start":{"line":11,"column":19},"end":{"line":19,"column":6}},"6":{"start":{"line":21,"column":4},"end":{"line":41,"column":5}},"7":{"start":{"line":22,"column":6},"end":{"line":22,"column":44}},"8":{"start":{"line":24,"column":6},"end":{"line":24,"column":36}},"9":{"start":{"line":25,"column":6},"end":{"line":25,"column":53}},"10":{"start":{"line":27,"column":6},"end":{"line":27,"column":20}},"11":{"start":{"line":29,"column":6},"end":{"line":29,"column":29}},"12":{"start":{"line":30,"column":6},"end":{"line":30,"column":38}},"13":{"start":{"line":33,"column":8},"end":{"line":33,"column":64}},"14":{"start":{"line":35,"column":6},"end":{"line":38,"column":9}},"15":{"start":{"line":40,"column":6},"end":{"line":40,"column":20}},"16":{"start":{"line":6,"column":13},"end":{"line":6,"column":29}},"17":{"start":{"line":10,"column":8},"end":{"line":42,"column":null}},"18":{"start":{"line":6,"column":13},"end":{"line":43,"column":null}}},"fnMap":{"0":{"name":"(anonymous_2)","decl":{"start":{"line":7,"column":2},"end":{"line":7,"column":31}},"loc":{"start":{"line":7,"column":52},"end":{"line":7,"column":56}}},"1":{"name":"(anonymous_3)","decl":{"start":{"line":10,"column":8},"end":{"line":10,"column":13}},"loc":{"start":{"line":10,"column":13},"end":{"line":42,"column":3}}}},"branchMap":{"0":{"loc":{"start":{"line":15,"column":15},"end":{"line":15,"column":57}},"type":"binary-expr","locations":[{"start":{"line":15,"column":15},"end":{"line":15,"column":46}},{"start":{"line":15,"column":50},"end":{"line":15,"column":57}}]},"1":{"loc":{"start":{"line":33,"column":8},"end":{"line":33,"column":64}},"type":"cond-expr","locations":[{"start":{"line":33,"column":33},"end":{"line":33,"column":46}},{"start":{"line":33,"column":49},"end":{"line":33,"column":64}}]},"2":{"loc":{"start":{"line":7,"column":39},"end":{"line":7,"column":55}},"type":"cond-expr","locations":[{"start":{"line":7,"column":52},"end":{"line":7,"column":55}},{"start":{"line":7,"column":52},"end":{"line":7,"column":55}}]},"3":{"loc":{"start":{"line":7,"column":39},"end":{"line":7,"column":52}},"type":"binary-expr","locations":[{"start":{"line":7,"column":39},"end":{"line":7,"column":55}},{"start":{"line":7,"column":39},"end":{"line":7,"column":52}}]}},"s":{"0":0,"1":0,"2":0,"3":0,"4":0,"5":0,"6":0,"7":0,"8":0,"9":0,"10":0,"11":0,"12":0,"13":0,"14":0,"15":0,"16":0,"17":0,"18":0},"f":{"0":0,"1":0},"b":{"0":[0,0],"1":[0,0],"2":[0,0],"3":[0,0]}}
,"/Users/igorbrandao/Desktop/development/front/desafio/transaction-processor-api/src/controllers/metrics.controller.ts": {"path":"/Users/igorbrandao/Desktop/development/front/desafio/transaction-processor-api/src/controllers/metrics.controller.ts","statementMap":{"0":{"start":{"line":1,"column":0},"end":{"line":1,"column":57}},"1":{"start":{"line":2,"column":0},"end":{"line":2,"column":50}},"2":{"start":{"line":5,"column":7},"end":{"line":11,"column":null}},"3":{"start":{"line":9,"column":4},"end":{"line":9,"column":30}},"4":{"start":{"line":5,"column":13},"end":{"line":5,"column":30}},"5":{"start":{"line":8,"column":8},"end":{"line":10,"column":null}},"6":{"start":{"line":5,"column":13},"end":{"line":11,"column":null}}},"fnMap":{"0":{"name":"(anonymous_2)","decl":{"start":{"line":8,"column":8},"end":{"line":8,"column":18}},"loc":{"start":{"line":8,"column":18},"end":{"line":10,"column":3}}}},"branchMap":{"0":{"loc":{"start":{"line":8,"column":22},"end":{"line":8,"column":null}},"type":"cond-expr","locations":[{"start":{"line":8,"column":29},"end":{"line":8,"column":null}},{"start":{"line":8,"column":29},"end":{"line":8,"column":null}}]},"1":{"loc":{"start":{"line":8,"column":22},"end":{"line":8,"column":29}},"type":"binary-expr","locations":[{"start":{"line":8,"column":22},"end":{"line":8,"column":null}},{"start":{"line":8,"column":22},"end":{"line":8,"column":29}}]}},"s":{"0":0,"1":0,"2":0,"3":0,"4":0,"5":0,"6":0},"f":{"0":0},"b":{"0":[0,0],"1":[0,0]}}
,"/Users/igorbrandao/Desktop/development/front/desafio/transaction-processor-api/src/controllers/transactions.controller.ts": {"path":"/Users/igorbrandao/Desktop/development/front/desafio/transaction-processor-api/src/controllers/transactions.controller.ts","statementMap":{"0":{"start":{"line":1,"column":0},"end":{"line":1,"column":null}},"1":{"start":{"line":11,"column":0},"end":{"line":11,"column":79}},"2":{"start":{"line":12,"column":0},"end":{"line":12,"column":69}},"3":{"start":{"line":13,"column":0},"end":{"line":13,"column":63}},"4":{"start":{"line":14,"column":0},"end":{"line":14,"column":67}},"5":{"start":{"line":15,"column":0},"end":{"line":15,"column":67}},"6":{"start":{"line":16,"column":0},"end":{"line":16,"column":80}},"7":{"start":{"line":17,"column":0},"end":{"line":17,"column":59}},"8":{"start":{"line":21,"column":7},"end":{"line":221,"column":null}},"9":{"start":{"line":23,"column":21},"end":{"line":23,"column":42}},"10":{"start":{"line":24,"column":21},"end":{"line":24,"column":40}},"11":{"start":{"line":65,"column":6},"end":{"line":65,"column":74}},"12":{"start":{"line":67,"column":4},"end":{"line":71,"column":6}},"13":{"start":{"line":88,"column":4},"end":{"line":88,"column":57}},"14":{"start":{"line":126,"column":4},"end":{"line":126,"column":56}},"15":{"start":{"line":150,"column":4},"end":{"line":150,"column":55}},"16":{"start":{"line":191,"column":19},"end":{"line":191,"column":75}},"17":{"start":{"line":192,"column":4},"end":{"line":194,"column":5}},"18":{"start":{"line":193,"column":6},"end":{"line":193,"column":77}},"19":{"start":{"line":195,"column":4},"end":{"line":195,"column":18}},"20":{"start":{"line":219,"column":4},"end":{"line":219,"column":56}},"21":{"start":{"line":21,"column":13},"end":{"line":21,"column":35}},"22":{"start":{"line":59,"column":8},"end":{"line":72,"column":null}},"23":{"start":{"line":85,"column":8},"end":{"line":89,"column":null}},"24":{"start":{"line":121,"column":8},"end":{"line":127,"column":null}},"25":{"start":{"line":149,"column":8},"end":{"line":151,"column":null}},"26":{"start":{"line":190,"column":8},"end":{"line":196,"column":null}},"27":{"start":{"line":218,"column":8},"end":{"line":220,"column":null}},"28":{"start":{"line":21,"column":13},"end":{"line":221,"column":null}}},"fnMap":{"0":{"name":"(anonymous_4)","decl":{"start":{"line":22,"column":2},"end":{"line":22,"column":null}},"loc":{"start":{"line":24,"column":57},"end":{"line":25,"column":6}}},"1":{"name":"(anonymous_5)","decl":{"start":{"line":59,"column":8},"end":{"line":59,"column":14}},"loc":{"start":{"line":59,"column":65},"end":{"line":72,"column":3}}},"2":{"name":"(anonymous_6)","decl":{"start":{"line":85,"column":8},"end":{"line":85,"column":15}},"loc":{"start":{"line":86,"column":40},"end":{"line":89,"column":3}}},"3":{"name":"(anonymous_7)","decl":{"start":{"line":121,"column":8},"end":{"line":121,"column":19}},"loc":{"start":{"line":121,"column":19},"end":{"line":127,"column":3}}},"4":{"name":"(anonymous_8)","decl":{"start":{"line":149,"column":8},"end":{"line":149,"column":15}},"loc":{"start":{"line":149,"column":39},"end":{"line":151,"column":3}}},"5":{"name":"(anonymous_9)","decl":{"start":{"line":190,"column":8},"end":{"line":190,"column":22}},"loc":{"start":{"line":190,"column":68},"end":{"line":196,"column":3}}},"6":{"name":"(anonymous_10)","decl":{"start":{"line":218,"column":8},"end":{"line":218,"column":21}},"loc":{"start":{"line":218,"column":21},"end":{"line":220,"column":3}}}},"branchMap":{"0":{"loc":{"start":{"line":192,"column":4},"end":{"line":194,"column":5}},"type":"if","locations":[{"start":{"line":192,"column":4},"end":{"line":194,"column":5}},{"start":{},"end":{}}]},"1":{"loc":{"start":{"line":59,"column":45},"end":{"line":59,"column":68}},"type":"cond-expr","locations":[{"start":{"line":59,"column":65},"end":{"line":59,"column":68}},{"start":{"line":59,"column":65},"end":{"line":59,"column":68}}]},"2":{"loc":{"start":{"line":59,"column":45},"end":{"line":59,"column":65}},"type":"binary-expr","locations":[{"start":{"line":59,"column":45},"end":{"line":59,"column":68}},{"start":{"line":59,"column":45},"end":{"line":59,"column":65}}]},"3":{"loc":{"start":{"line":59,"column":68},"end":{"line":59,"column":null}},"type":"cond-expr","locations":[{"start":{"line":59,"column":75},"end":{"line":59,"column":null}},{"start":{"line":59,"column":75},"end":{"line":59,"column":null}}]},"4":{"loc":{"start":{"line":59,"column":68},"end":{"line":59,"column":75}},"type":"binary-expr","locations":[{"start":{"line":59,"column":68},"end":{"line":59,"column":null}},{"start":{"line":59,"column":68},"end":{"line":59,"column":75}}]},"5":{"loc":{"start":{"line":86,"column":20},"end":{"line":86,"column":null}},"type":"cond-expr","locations":[{"start":{"line":86,"column":40},"end":{"line":86,"column":null}},{"start":{"line":86,"column":40},"end":{"line":86,"column":null}}]},"6":{"loc":{"start":{"line":86,"column":20},"end":{"line":86,"column":40}},"type":"binary-expr","locations":[{"start":{"line":86,"column":20},"end":{"line":86,"column":null}},{"start":{"line":86,"column":20},"end":{"line":86,"column":40}}]},"7":{"loc":{"start":{"line":87,"column":5},"end":{"line":87,"column":null}},"type":"cond-expr","locations":[{"start":{"line":87,"column":12},"end":{"line":87,"column":null}},{"start":{"line":87,"column":12},"end":{"line":87,"column":null}}]},"8":{"loc":{"start":{"line":87,"column":5},"end":{"line":87,"column":12}},"type":"binary-expr","locations":[{"start":{"line":87,"column":5},"end":{"line":87,"column":null}},{"start":{"line":87,"column":5},"end":{"line":87,"column":12}}]},"9":{"loc":{"start":{"line":121,"column":23},"end":{"line":121,"column":null}},"type":"cond-expr","locations":[{"start":{"line":121,"column":30},"end":{"line":121,"column":null}},{"start":{"line":121,"column":30},"end":{"line":121,"column":null}}]},"10":{"loc":{"start":{"line":121,"column":23},"end":{"line":121,"column":30}},"type":"binary-expr","locations":[{"start":{"line":121,"column":23},"end":{"line":121,"column":null}},{"start":{"line":121,"column":23},"end":{"line":121,"column":30}}]},"11":{"loc":{"start":{"line":149,"column":42},"end":{"line":149,"column":null}},"type":"cond-expr","locations":[{"start":{"line":149,"column":49},"end":{"line":149,"column":null}},{"start":{"line":149,"column":49},"end":{"line":149,"column":null}}]},"12":{"loc":{"start":{"line":149,"column":42},"end":{"line":149,"column":49}},"type":"binary-expr","locations":[{"start":{"line":149,"column":42},"end":{"line":149,"column":null}},{"start":{"line":149,"column":42},"end":{"line":149,"column":49}}]},"13":{"loc":{"start":{"line":23,"column":42},"end":{"line":23,"column":null}},"type":"cond-expr","locations":[{"start":{"line":23,"column":61},"end":{"line":23,"column":null}},{"start":{"line":23,"column":61},"end":{"line":23,"column":null}}]},"14":{"loc":{"start":{"line":23,"column":42},"end":{"line":23,"column":61}},"type":"binary-expr","locations":[{"start":{"line":23,"column":42},"end":{"line":23,"column":null}},{"start":{"line":23,"column":42},"end":{"line":23,"column":61}}]},"15":{"loc":{"start":{"line":23,"column":61},"end":{"line":24,"column":null}},"type":"cond-expr","locations":[{"start":{"line":24,"column":57},"end":{"line":24,"column":null}},{"start":{"line":24,"column":57},"end":{"line":24,"column":null}}]},"16":{"loc":{"start":{"line":23,"column":61},"end":{"line":24,"column":57}},"type":"binary-expr","locations":[{"start":{"line":23,"column":61},"end":{"line":24,"column":null}},{"start":{"line":24,"column":40},"end":{"line":24,"column":57}}]}},"s":{"0":0,"1":0,"2":0,"3":0,"4":0,"5":0,"6":0,"7":0,"8":0,"9":0,"10":0,"11":0,"12":0,"13":0,"14":0,"15":0,"16":0,"17":0,"18":0,"19":0,"20":0,"21":0,"22":0,"23":0,"24":0,"25":0,"26":0,"27":0,"28":0},"f":{"0":0,"1":0,"2":0,"3":0,"4":0,"5":0,"6":0},"b":{"0":[0,0],"1":[0,0],"2":[0,0],"3":[0,0],"4":[0,0],"5":[0,0],"6":[0,0],"7":[0,0],"8":[0,0],"9":[0,0],"10":[0,0],"11":[0,0],"12":[0,0],"13":[0,0],"14":[0,0],"15":[0,0],"16":[0,0]}}
,"/Users/igorbrandao/Desktop/development/front/desafio/transaction-processor-api/src/dto/create-transaction.dto.ts": {"path":"/Users/igorbrandao/Desktop/development/front/desafio/transaction-processor-api/src/dto/create-transaction.dto.ts","statementMap":{"0":{"start":{"line":1,"column":0},"end":{"line":1,"column":null}},"1":{"start":{"line":9,"column":0},"end":{"line":9,"column":67}},"2":{"start":{"line":10,"column":0},"end":{"line":10,"column":null}},"3":{"start":{"line":15,"column":0},"end":{"line":15,"column":13}},"4":{"start":{"line":25,"column":2},"end":{"line":25,"column":null}},"5":{"start":{"line":35,"column":2},"end":{"line":35,"column":null}},"6":{"start":{"line":45,"column":2},"end":{"line":45,"column":null}},"7":{"start":{"line":54,"column":2},"end":{"line":54,"column":null}},"8":{"start":{"line":64,"column":2},"end":{"line":64,"column":null}},"9":{"start":{"line":74,"column":2},"end":{"line":74,"column":null}}},"fnMap":{},"branchMap":{"0":{"loc":{"start":{"line":54,"column":8},"end":{"line":54,"column":24}},"type":"cond-expr","locations":[{"start":{"line":54,"column":23},"end":{"line":54,"column":24}},{"start":{"line":54,"column":23},"end":{"line":54,"column":24}}]},"1":{"loc":{"start":{"line":54,"column":8},"end":{"line":54,"column":23}},"type":"binary-expr","locations":[{"start":{"line":54,"column":8},"end":{"line":54,"column":24}},{"start":{"line":54,"column":8},"end":{"line":54,"column":23}}]},"2":{"loc":{"start":{"line":64,"column":11},"end":{"line":64,"column":29}},"type":"cond-expr","locations":[{"start":{"line":64,"column":28},"end":{"line":64,"column":29}},{"start":{"line":64,"column":28},"end":{"line":64,"column":29}}]},"3":{"loc":{"start":{"line":64,"column":11},"end":{"line":64,"column":28}},"type":"binary-expr","locations":[{"start":{"line":64,"column":11},"end":{"line":64,"column":29}},{"start":{"line":64,"column":11},"end":{"line":64,"column":28}}]},"4":{"loc":{"start":{"line":74,"column":13},"end":{"line":74,"column":33}},"type":"cond-expr","locations":[{"start":{"line":74,"column":19},"end":{"line":74,"column":33}},{"start":{"line":74,"column":19},"end":{"line":74,"column":33}}]},"5":{"loc":{"start":{"line":74,"column":13},"end":{"line":74,"column":19}},"type":"binary-expr","locations":[{"start":{"line":74,"column":13},"end":{"line":74,"column":33}},{"start":{"line":74,"column":13},"end":{"line":74,"column":19}}]}},"s":{"0":0,"1":0,"2":0,"3":0,"4":0,"5":0,"6":0,"7":0,"8":0,"9":0},"f":{},"b":{"0":[0,0],"1":[0,0],"2":[0,0],"3":[0,0],"4":[0,0],"5":[0,0]}}
,"/Users/igorbrandao/Desktop/development/front/desafio/transaction-processor-api/src/dto/error-response.dto.ts": {"path":"/Users/igorbrandao/Desktop/development/front/desafio/transaction-processor-api/src/dto/error-response.dto.ts","statementMap":{"0":{"start":{"line":1,"column":0},"end":{"line":1,"column":46}},"1":{"start":{"line":3,"column":0},"end":{"line":3,"column":13}},"2":{"start":{"line":8,"column":2},"end":{"line":8,"column":null}},"3":{"start":{"line":17,"column":2},"end":{"line":17,"column":null}},"4":{"start":{"line":20,"column":0},"end":{"line":20,"column":13}},"5":{"start":{"line":25,"column":2},"end":{"line":25,"column":null}},"6":{"start":{"line":31,"column":2},"end":{"line":31,"column":null}},"7":{"start":{"line":45,"column":2},"end":{"line":45,"column":null}},"8":{"start":{"line":48,"column":0},"end":{"line":48,"column":13}},"9":{"start":{"line":53,"column":2},"end":{"line":53,"column":null}},"10":{"start":{"line":59,"column":2},"end":{"line":59,"column":null}},"11":{"start":{"line":65,"column":2},"end":{"line":65,"column":null}},"12":{"start":{"line":78,"column":2},"end":{"line":78,"column":null}},"13":{"start":{"line":81,"column":0},"end":{"line":81,"column":13}},"14":{"start":{"line":86,"column":2},"end":{"line":86,"column":null}},"15":{"start":{"line":92,"column":2},"end":{"line":92,"column":null}},"16":{"start":{"line":98,"column":2},"end":{"line":98,"column":null}},"17":{"start":{"line":104,"column":2},"end":{"line":104,"column":null}},"18":{"start":{"line":107,"column":0},"end":{"line":107,"column":13}},"19":{"start":{"line":112,"column":2},"end":{"line":112,"column":null}},"20":{"start":{"line":118,"column":2},"end":{"line":118,"column":null}},"21":{"start":{"line":124,"column":2},"end":{"line":124,"column":null}},"22":{"start":{"line":130,"column":2},"end":{"line":130,"column":null}}},"fnMap":{},"branchMap":{"0":{"loc":{"start":{"line":17,"column":15},"end":{"line":17,"column":38}},"type":"cond-expr","locations":[{"start":{"line":17,"column":21},"end":{"line":17,"column":38}},{"start":{"line":17,"column":21},"end":{"line":17,"column":38}}]},"1":{"loc":{"start":{"line":17,"column":15},"end":{"line":17,"column":21}},"type":"binary-expr","locations":[{"start":{"line":17,"column":15},"end":{"line":17,"column":38}},{"start":{"line":17,"column":15},"end":{"line":17,"column":21}}]}},"s":{"0":0,"1":0,"2":0,"3":0,"4":0,"5":0,"6":0,"7":0,"8":0,"9":0,"10":0,"11":0,"12":0,"13":0,"14":0,"15":0,"16":0,"17":0,"18":0,"19":0,"20":0,"21":0,"22":0},"f":{},"b":{"0":[0,0],"1":[0,0]}}
,"/Users/igorbrandao/Desktop/development/front/desafio/transaction-processor-api/src/dto/health-response.dto.ts": {"path":"/Users/igorbrandao/Desktop/development/front/desafio/transaction-processor-api/src/dto/health-response.dto.ts","statementMap":{"0":{"start":{"line":1,"column":0},"end":{"line":1,"column":46}},"1":{"start":{"line":3,"column":0},"end":{"line":3,"column":13}},"2":{"start":{"line":9,"column":2},"end":{"line":9,"column":null}},"3":{"start":{"line":15,"column":2},"end":{"line":15,"column":null}},"4":{"start":{"line":21,"column":2},"end":{"line":21,"column":null}},"5":{"start":{"line":27,"column":2},"end":{"line":27,"column":null}},"6":{"start":{"line":35,"column":2},"end":{"line":37,"column":null}}},"fnMap":{},"branchMap":{},"s":{"0":0,"1":0,"2":0,"3":0,"4":0,"5":0,"6":0},"f":{},"b":{}}
,"/Users/igorbrandao/Desktop/development/front/desafio/transaction-processor-api/src/dto/pagination-response.dto.ts": {"path":"/Users/igorbrandao/Desktop/development/front/desafio/transaction-processor-api/src/dto/pagination-response.dto.ts","statementMap":{"0":{"start":{"line":1,"column":0},"end":{"line":1,"column":46}},"1":{"start":{"line":2,"column":0},"end":{"line":2,"column":59}},"2":{"start":{"line":4,"column":0},"end":{"line":4,"column":13}},"3":{"start":{"line":10,"column":2},"end":{"line":10,"column":null}},"4":{"start":{"line":18,"column":2},"end":{"line":18,"column":null}},"5":{"start":{"line":25,"column":2},"end":{"line":25,"column":null}},"6":{"start":{"line":33,"column":2},"end":{"line":33,"column":null}},"7":{"start":{"line":36,"column":0},"end":{"line":36,"column":13}},"8":{"start":{"line":55,"column":2},"end":{"line":55,"column":null}},"9":{"start":{"line":68,"column":2},"end":{"line":68,"column":null}}},"fnMap":{},"branchMap":{},"s":{"0":0,"1":0,"2":0,"3":0,"4":0,"5":0,"6":0,"7":0,"8":0,"9":0},"f":{},"b":{}}
,"/Users/igorbrandao/Desktop/development/front/desafio/transaction-processor-api/src/dto/query-transactions.dto.ts": {"path":"/Users/igorbrandao/Desktop/development/front/desafio/transaction-processor-api/src/dto/query-transactions.dto.ts","statementMap":{"0":{"start":{"line":1,"column":0},"end":{"line":1,"column":null}},"1":{"start":{"line":9,"column":0},"end":{"line":9,"column":41}},"2":{"start":{"line":10,"column":0},"end":{"line":10,"column":54}},"3":{"start":{"line":11,"column":0},"end":{"line":11,"column":null}},"4":{"start":{"line":41,"column":18},"end":{"line":41,"column":19}},"5":{"start":{"line":73,"column":19},"end":{"line":73,"column":21}},"6":{"start":{"line":16,"column":0},"end":{"line":16,"column":13}},"7":{"start":{"line":41,"column":2},"end":{"line":41,"column":null}},"8":{"start":{"line":38,"column":14},"end":{"line":38,"column":20}},"9":{"start":{"line":73,"column":2},"end":{"line":73,"column":null}},"10":{"start":{"line":69,"column":14},"end":{"line":69,"column":20}},"11":{"start":{"line":97,"column":2},"end":{"line":97,"column":null}},"12":{"start":{"line":117,"column":2},"end":{"line":117,"column":null}},"13":{"start":{"line":140,"column":2},"end":{"line":140,"column":null}},"14":{"start":{"line":163,"column":2},"end":{"line":163,"column":null}}},"fnMap":{"0":{"name":"(anonymous_2)","decl":{"start":{"line":38,"column":8},"end":{"line":38,"column":11}},"loc":{"start":{"line":38,"column":14},"end":{"line":38,"column":20}}},"1":{"name":"(anonymous_3)","decl":{"start":{"line":69,"column":8},"end":{"line":69,"column":11}},"loc":{"start":{"line":69,"column":14},"end":{"line":69,"column":20}}}},"branchMap":{"0":{"loc":{"start":{"line":97,"column":11},"end":{"line":97,"column":29}},"type":"cond-expr","locations":[{"start":{"line":97,"column":28},"end":{"line":97,"column":29}},{"start":{"line":97,"column":28},"end":{"line":97,"column":29}}]},"1":{"loc":{"start":{"line":97,"column":11},"end":{"line":97,"column":28}},"type":"binary-expr","locations":[{"start":{"line":97,"column":11},"end":{"line":97,"column":29}},{"start":{"line":97,"column":11},"end":{"line":97,"column":28}}]},"2":{"loc":{"start":{"line":117,"column":9},"end":{"line":117,"column":25}},"type":"cond-expr","locations":[{"start":{"line":117,"column":24},"end":{"line":117,"column":25}},{"start":{"line":117,"column":24},"end":{"line":117,"column":25}}]},"3":{"loc":{"start":{"line":117,"column":9},"end":{"line":117,"column":24}},"type":"binary-expr","locations":[{"start":{"line":117,"column":9},"end":{"line":117,"column":25}},{"start":{"line":117,"column":9},"end":{"line":117,"column":24}}]}},"s":{"0":0,"1":0,"2":0,"3":0,"4":0,"5":0,"6":0,"7":0,"8":0,"9":0,"10":0,"11":0,"12":0,"13":0,"14":0},"f":{"0":0,"1":0},"b":{"0":[0,0],"1":[0,0],"2":[0,0],"3":[0,0]}}
,"/Users/igorbrandao/Desktop/development/front/desafio/transaction-processor-api/src/entities/transaction.entity.ts": {"path":"/Users/igorbrandao/Desktop/development/front/desafio/transaction-processor-api/src/entities/transaction.entity.ts","statementMap":{"0":{"start":{"line":1,"column":0},"end":{"line":1,"column":67}},"1":{"start":{"line":3,"column":0},"end":{"line":3,"column":null}},"2":{"start":{"line":4,"column":2},"end":{"line":4,"column":null}},"3":{"start":{"line":5,"column":2},"end":{"line":5,"column":null}},"4":{"start":{"line":8,"column":0},"end":{"line":8,"column":null}},"5":{"start":{"line":9,"column":2},"end":{"line":9,"column":null}},"6":{"start":{"line":10,"column":2},"end":{"line":10,"column":null}},"7":{"start":{"line":11,"column":2},"end":{"line":11,"column":null}},"8":{"start":{"line":14,"column":0},"end":{"line":14,"column":13}},"9":{"start":{"line":31,"column":2},"end":{"line":31,"column":null}},"10":{"start":{"line":49,"column":2},"end":{"line":49,"column":null}},"11":{"start":{"line":71,"column":2},"end":{"line":71,"column":null}},"12":{"start":{"line":133,"column":2},"end":{"line":133,"column":null}},"13":{"start":{"line":151,"column":2},"end":{"line":151,"column":null}},"14":{"start":{"line":172,"column":2},"end":{"line":172,"column":null}},"15":{"start":{"line":207,"column":2},"end":{"line":207,"column":null}},"16":{"start":{"line":224,"column":2},"end":{"line":224,"column":null}},"17":{"start":{"line":241,"column":2},"end":{"line":241,"column":null}}},"fnMap":{"0":{"name":"(anonymous_2)","decl":{"start":{"line":3,"column":0},"end":{"line":3,"column":12}},"loc":{"start":{"line":3,"column":27},"end":{"line":6,"column":1}}},"1":{"name":"(anonymous_3)","decl":{"start":{"line":8,"column":0},"end":{"line":8,"column":12}},"loc":{"start":{"line":8,"column":29},"end":{"line":12,"column":1}}}},"branchMap":{"0":{"loc":{"start":{"line":3,"column":12},"end":{"line":3,"column":null}},"type":"binary-expr","locations":[{"start":{"line":3,"column":12},"end":{"line":3,"column":27}},{"start":{"line":3,"column":27},"end":{"line":3,"column":null}}]},"1":{"loc":{"start":{"line":8,"column":12},"end":{"line":8,"column":null}},"type":"binary-expr","locations":[{"start":{"line":8,"column":12},"end":{"line":8,"column":29}},{"start":{"line":8,"column":29},"end":{"line":8,"column":null}}]},"2":{"loc":{"start":{"line":207,"column":13},"end":{"line":207,"column":33}},"type":"cond-expr","locations":[{"start":{"line":207,"column":19},"end":{"line":207,"column":33}},{"start":{"line":207,"column":19},"end":{"line":207,"column":33}}]},"3":{"loc":{"start":{"line":207,"column":13},"end":{"line":207,"column":19}},"type":"binary-expr","locations":[{"start":{"line":207,"column":13},"end":{"line":207,"column":33}},{"start":{"line":207,"column":13},"end":{"line":207,"column":19}}]},"4":{"loc":{"start":{"line":224,"column":13},"end":{"line":224,"column":18}},"type":"cond-expr","locations":[{"start":{"line":224,"column":17},"end":{"line":224,"column":18}},{"start":{"line":224,"column":17},"end":{"line":224,"column":18}}]},"5":{"loc":{"start":{"line":224,"column":13},"end":{"line":224,"column":17}},"type":"binary-expr","locations":[{"start":{"line":224,"column":13},"end":{"line":224,"column":18}},{"start":{"line":224,"column":13},"end":{"line":224,"column":17}}]},"6":{"loc":{"start":{"line":241,"column":13},"end":{"line":241,"column":18}},"type":"cond-expr","locations":[{"start":{"line":241,"column":17},"end":{"line":241,"column":18}},{"start":{"line":241,"column":17},"end":{"line":241,"column":18}}]},"7":{"loc":{"start":{"line":241,"column":13},"end":{"line":241,"column":17}},"type":"binary-expr","locations":[{"start":{"line":241,"column":13},"end":{"line":241,"column":18}},{"start":{"line":241,"column":13},"end":{"line":241,"column":17}}]}},"s":{"0":0,"1":0,"2":0,"3":0,"4":0,"5":0,"6":0,"7":0,"8":0,"9":0,"10":0,"11":0,"12":0,"13":0,"14":0,"15":0,"16":0,"17":0},"f":{"0":0,"1":0},"b":{"0":[0,0],"1":[0,0],"2":[0,0],"3":[0,0],"4":[0,0],"5":[0,0],"6":[0,0],"7":[0,0]}}
,"/Users/igorbrandao/Desktop/development/front/desafio/transaction-processor-api/src/middleware/metrics.middleware.ts": {"path":"/Users/igorbrandao/Desktop/development/front/desafio/transaction-processor-api/src/middleware/metrics.middleware.ts","statementMap":{"0":{"start":{"line":1,"column":0},"end":{"line":1,"column":60}},"1":{"start":{"line":3,"column":0},"end":{"line":3,"column":null}},"2":{"start":{"line":10,"column":7},"end":{"line":50,"column":null}},"3":{"start":{"line":12,"column":4},"end":{"line":14,"column":5}},"4":{"start":{"line":13,"column":6},"end":{"line":13,"column":20}},"5":{"start":{"line":16,"column":18},"end":{"line":16,"column":28}},"6":{"start":{"line":17,"column":18},"end":{"line":17,"column":45}},"7":{"start":{"line":18,"column":19},"end":{"line":18,"column":29}},"8":{"start":{"line":20,"column":4},"end":{"line":46,"column":7}},"9":{"start":{"line":21,"column":23},"end":{"line":21,"column":50}},"10":{"start":{"line":22,"column":21},"end":{"line":22,"column":46}},"11":{"start":{"line":24,"column":6},"end":{"line":31,"column":8}},"12":{"start":{"line":33,"column":6},"end":{"line":37,"column":9}},"13":{"start":{"line":39,"column":6},"end":{"line":45,"column":7}},"14":{"start":{"line":40,"column":8},"end":{"line":44,"column":11}},"15":{"start":{"line":48,"column":4},"end":{"line":48,"column":11}},"16":{"start":{"line":10,"column":13},"end":{"line":10,"column":30}},"17":{"start":{"line":10,"column":13},"end":{"line":50,"column":null}}},"fnMap":{"0":{"name":"(anonymous_1)","decl":{"start":{"line":11,"column":2},"end":{"line":11,"column":5}},"loc":{"start":{"line":11,"column":53},"end":{"line":49,"column":3}}},"1":{"name":"(anonymous_2)","decl":{"start":{"line":20,"column":21},"end":{"line":20,"column":24}},"loc":{"start":{"line":20,"column":26},"end":{"line":46,"column":5}}}},"branchMap":{"0":{"loc":{"start":{"line":12,"column":4},"end":{"line":14,"column":5}},"type":"if","locations":[{"start":{"line":12,"column":4},"end":{"line":14,"column":5}},{"start":{},"end":{}}]},"1":{"loc":{"start":{"line":17,"column":18},"end":{"line":17,"column":45}},"type":"binary-expr","locations":[{"start":{"line":17,"column":18},"end":{"line":17,"column":33}},{"start":{"line":17,"column":37},"end":{"line":17,"column":45}}]},"2":{"loc":{"start":{"line":39,"column":6},"end":{"line":45,"column":7}},"type":"if","locations":[{"start":{"line":39,"column":6},"end":{"line":45,"column":7}},{"start":{},"end":{}}]}},"s":{"0":0,"1":0,"2":0,"3":0,"4":0,"5":0,"6":0,"7":0,"8":0,"9":0,"10":0,"11":0,"12":0,"13":0,"14":0,"15":0,"16":0,"17":0},"f":{"0":0,"1":0},"b":{"0":[0,0],"1":[0,0],"2":[0,0]}}
,"/Users/igorbrandao/Desktop/development/front/desafio/transaction-processor-api/src/processors/transaction.processor.ts": {"path":"/Users/igorbrandao/Desktop/development/front/desafio/transaction-processor-api/src/processors/transaction.processor.ts","statementMap":{"0":{"start":{"line":1,"column":0},"end":{"line":1,"column":50}},"1":{"start":{"line":2,"column":0},"end":{"line":2,"column":52}},"2":{"start":{"line":4,"column":0},"end":{"line":4,"column":69}},"3":{"start":{"line":6,"column":0},"end":{"line":6,"column":63}},"4":{"start":{"line":10,"column":33},"end":{"line":46,"column":null}},"5":{"start":{"line":11,"column":28},"end":{"line":11,"column":65}},"6":{"start":{"line":13,"column":31},"end":{"line":13,"column":52}},"7":{"start":{"line":17,"column":4},"end":{"line":20,"column":7}},"8":{"start":{"line":22,"column":4},"end":{"line":44,"column":5}},"9":{"start":{"line":23,"column":26},"end":{"line":23,"column":73}},"10":{"start":{"line":25,"column":6},"end":{"line":25,"column":55}},"11":{"start":{"line":27,"column":6},"end":{"line":31,"column":9}},"12":{"start":{"line":33,"column":6},"end":{"line":33,"column":25}},"13":{"start":{"line":35,"column":6},"end":{"line":35,"column":53}},"14":{"start":{"line":37,"column":6},"end":{"line":41,"column":9}},"15":{"start":{"line":43,"column":6},"end":{"line":43,"column":18}},"16":{"start":{"line":10,"column":13},"end":{"line":10,"column":33}},"17":{"start":{"line":16,"column":8},"end":{"line":45,"column":null}},"18":{"start":{"line":10,"column":13},"end":{"line":46,"column":null}}},"fnMap":{"0":{"name":"(anonymous_2)","decl":{"start":{"line":13,"column":2},"end":{"line":13,"column":31}},"loc":{"start":{"line":13,"column":71},"end":{"line":13,"column":75}}},"1":{"name":"(anonymous_3)","decl":{"start":{"line":16,"column":8},"end":{"line":16,"column":25}},"loc":{"start":{"line":16,"column":56},"end":{"line":45,"column":3}}}},"branchMap":{"0":{"loc":{"start":{"line":40,"column":15},"end":{"line":40,"column":71}},"type":"cond-expr","locations":[{"start":{"line":40,"column":40},"end":{"line":40,"column":53}},{"start":{"line":40,"column":56},"end":{"line":40,"column":71}}]},"1":{"loc":{"start":{"line":13,"column":52},"end":{"line":13,"column":74}},"type":"cond-expr","locations":[{"start":{"line":13,"column":71},"end":{"line":13,"column":74}},{"start":{"line":13,"column":71},"end":{"line":13,"column":74}}]},"2":{"loc":{"start":{"line":13,"column":52},"end":{"line":13,"column":71}},"type":"binary-expr","locations":[{"start":{"line":13,"column":52},"end":{"line":13,"column":74}},{"start":{"line":13,"column":52},"end":{"line":13,"column":71}}]}},"s":{"0":0,"1":0,"2":0,"3":0,"4":0,"5":0,"6":0,"7":0,"8":0,"9":0,"10":0,"11":0,"12":0,"13":0,"14":0,"15":0,"16":0,"17":0,"18":0},"f":{"0":0,"1":0},"b":{"0":[0,0],"1":[0,0],"2":[0,0]}}
,"/Users/igorbrandao/Desktop/development/front/desafio/transaction-processor-api/src/queues/transactions.queue.ts": {"path":"/Users/igorbrandao/Desktop/development/front/desafio/transaction-processor-api/src/queues/transactions.queue.ts","statementMap":{"0":{"start":{"line":1,"column":0},"end":{"line":1,"column":43}},"1":{"start":{"line":2,"column":0},"end":{"line":2,"column":44}},"2":{"start":{"line":7,"column":7},"end":{"line":68,"column":null}},"3":{"start":{"line":8,"column":60},"end":{"line":8,"column":72}},"4":{"start":{"line":13,"column":16},"end":{"line":15,"column":6}},"5":{"start":{"line":17,"column":4},"end":{"line":20,"column":6}},"6":{"start":{"line":24,"column":17},"end":{"line":29,"column":6}},"7":{"start":{"line":30,"column":16},"end":{"line":30,"column":56}},"8":{"start":{"line":30,"column":33},"end":{"line":30,"column":55}},"9":{"start":{"line":32,"column":4},"end":{"line":34,"column":5}},"10":{"start":{"line":33,"column":6},"end":{"line":33,"column":18}},"11":{"start":{"line":36,"column":18},"end":{"line":36,"column":38}},"12":{"start":{"line":37,"column":21},"end":{"line":37,"column":35}},"13":{"start":{"line":39,"column":4},"end":{"line":49,"column":6}},"14":{"start":{"line":53,"column":49},"end":{"line":58,"column":6}},"15":{"start":{"line":60,"column":4},"end":{"line":66,"column":6}},"16":{"start":{"line":7,"column":13},"end":{"line":7,"column":30}},"17":{"start":{"line":7,"column":13},"end":{"line":68,"column":null}}},"fnMap":{"0":{"name":"(anonymous_4)","decl":{"start":{"line":8,"column":2},"end":{"line":8,"column":15}},"loc":{"start":{"line":8,"column":72},"end":{"line":8,"column":76}}},"1":{"name":"(anonymous_5)","decl":{"start":{"line":10,"column":2},"end":{"line":10,"column":7}},"loc":{"start":{"line":11,"column":41},"end":{"line":21,"column":3}}},"2":{"name":"(anonymous_6)","decl":{"start":{"line":23,"column":2},"end":{"line":23,"column":7}},"loc":{"start":{"line":23,"column":42},"end":{"line":50,"column":3}}},"3":{"name":"(anonymous_7)","decl":{"start":{"line":30,"column":26},"end":{"line":30,"column":27}},"loc":{"start":{"line":30,"column":33},"end":{"line":30,"column":55}}},"4":{"name":"(anonymous_8)","decl":{"start":{"line":52,"column":2},"end":{"line":52,"column":7}},"loc":{"start":{"line":52,"column":21},"end":{"line":67,"column":3}}}},"branchMap":{"0":{"loc":{"start":{"line":18,"column":13},"end":{"line":18,"column":37}},"type":"binary-expr","locations":[{"start":{"line":18,"column":13},"end":{"line":18,"column":31}},{"start":{"line":18,"column":35},"end":{"line":18,"column":37}}]},"1":{"loc":{"start":{"line":32,"column":4},"end":{"line":34,"column":5}},"type":"if","locations":[{"start":{"line":32,"column":4},"end":{"line":34,"column":5}},{"start":{},"end":{}}]}},"s":{"0":0,"1":0,"2":0,"3":0,"4":0,"5":0,"6":0,"7":0,"8":0,"9":0,"10":0,"11":0,"12":0,"13":0,"14":0,"15":0,"16":0,"17":0},"f":{"0":0,"1":0,"2":0,"3":0,"4":0},"b":{"0":[0,0],"1":[0,0]}}
,"/Users/igorbrandao/Desktop/development/front/desafio/transaction-processor-api/src/repositories/transactions.repository.ts": {"path":"/Users/igorbrandao/Desktop/development/front/desafio/transaction-processor-api/src/repositories/transactions.repository.ts","statementMap":{"0":{"start":{"line":1,"column":0},"end":{"line":1,"column":44}},"1":{"start":{"line":2,"column":0},"end":{"line":2,"column":55}},"2":{"start":{"line":4,"column":0},"end":{"line":4,"column":76}},"3":{"start":{"line":5,"column":0},"end":{"line":5,"column":36}},"4":{"start":{"line":20,"column":7},"end":{"line":139,"column":null}},"5":{"start":{"line":21,"column":31},"end":{"line":21,"column":39}},"6":{"start":{"line":31,"column":20},"end":{"line":41,"column":6}},"7":{"start":{"line":43,"column":4},"end":{"line":43,"column":43}},"8":{"start":{"line":47,"column":24},"end":{"line":49,"column":6}},"9":{"start":{"line":51,"column":4},"end":{"line":53,"column":5}},"10":{"start":{"line":52,"column":6},"end":{"line":52,"column":18}},"11":{"start":{"line":55,"column":4},"end":{"line":55,"column":47}},"12":{"start":{"line":61,"column":24},"end":{"line":63,"column":6}},"13":{"start":{"line":65,"column":4},"end":{"line":67,"column":5}},"14":{"start":{"line":66,"column":6},"end":{"line":66,"column":18}},"15":{"start":{"line":69,"column":4},"end":{"line":69,"column":47}},"16":{"start":{"line":76,"column":17},"end":{"line":76,"column":32}},"17":{"start":{"line":77,"column":18},"end":{"line":77,"column":35}},"18":{"start":{"line":78,"column":17},"end":{"line":78,"column":35}},"19":{"start":{"line":80,"column":48},"end":{"line":80,"column":50}},"20":{"start":{"line":82,"column":4},"end":{"line":84,"column":5}},"21":{"start":{"line":83,"column":6},"end":{"line":83,"column":55}},"22":{"start":{"line":86,"column":4},"end":{"line":88,"column":5}},"23":{"start":{"line":87,"column":6},"end":{"line":87,"column":49}},"24":{"start":{"line":90,"column":4},"end":{"line":98,"column":5}},"25":{"start":{"line":91,"column":6},"end":{"line":91,"column":27}},"26":{"start":{"line":92,"column":6},"end":{"line":94,"column":7}},"27":{"start":{"line":93,"column":8},"end":{"line":93,"column":56}},"28":{"start":{"line":95,"column":6},"end":{"line":97,"column":7}},"29":{"start":{"line":96,"column":8},"end":{"line":96,"column":54}},"30":{"start":{"line":100,"column":34},"end":{"line":108,"column":6}},"31":{"start":{"line":110,"column":4},"end":{"line":113,"column":6}},"32":{"start":{"line":111,"column":44},"end":{"line":111,"column":69}},"33":{"start":{"line":127,"column":4},"end":{"line":137,"column":6}},"34":{"start":{"line":20,"column":13},"end":{"line":20,"column":35}},"35":{"start":{"line":20,"column":13},"end":{"line":139,"column":null}}},"fnMap":{"0":{"name":"(anonymous_2)","decl":{"start":{"line":21,"column":2},"end":{"line":21,"column":31}},"loc":{"start":{"line":21,"column":52},"end":{"line":21,"column":56}}},"1":{"name":"(anonymous_3)","decl":{"start":{"line":23,"column":2},"end":{"line":23,"column":7}},"loc":{"start":{"line":30,"column":3},"end":{"line":44,"column":3}}},"2":{"name":"(anonymous_4)","decl":{"start":{"line":46,"column":2},"end":{"line":46,"column":7}},"loc":{"start":{"line":46,"column":27},"end":{"line":56,"column":3}}},"3":{"name":"(anonymous_5)","decl":{"start":{"line":58,"column":2},"end":{"line":58,"column":7}},"loc":{"start":{"line":59,"column":25},"end":{"line":70,"column":3}}},"4":{"name":"(anonymous_6)","decl":{"start":{"line":72,"column":2},"end":{"line":72,"column":7}},"loc":{"start":{"line":72,"column":43},"end":{"line":114,"column":3}}},"5":{"name":"(anonymous_7)","decl":{"start":{"line":111,"column":37},"end":{"line":111,"column":38}},"loc":{"start":{"line":111,"column":44},"end":{"line":111,"column":69}}},"6":{"name":"(anonymous_8)","decl":{"start":{"line":116,"column":10},"end":{"line":116,"column":27}},"loc":{"start":{"line":126,"column":3},"end":{"line":138,"column":3}}}},"branchMap":{"0":{"loc":{"start":{"line":38,"column":17},"end":{"line":38,"column":48}},"type":"binary-expr","locations":[{"start":{"line":38,"column":17},"end":{"line":38,"column":35}},{"start":{"line":38,"column":39},"end":{"line":38,"column":48}}]},"1":{"loc":{"start":{"line":39,"column":18},"end":{"line":39,"column":51}},"type":"binary-expr","locations":[{"start":{"line":39,"column":18},"end":{"line":39,"column":38}},{"start":{"line":39,"column":42},"end":{"line":39,"column":51}}]},"2":{"loc":{"start":{"line":51,"column":4},"end":{"line":53,"column":5}},"type":"if","locations":[{"start":{"line":51,"column":4},"end":{"line":53,"column":5}},{"start":{},"end":{}}]},"3":{"loc":{"start":{"line":65,"column":4},"end":{"line":67,"column":5}},"type":"if","locations":[{"start":{"line":65,"column":4},"end":{"line":67,"column":5}},{"start":{},"end":{}}]},"4":{"loc":{"start":{"line":76,"column":17},"end":{"line":76,"column":32}},"type":"binary-expr","locations":[{"start":{"line":76,"column":17},"end":{"line":76,"column":27}},{"start":{"line":76,"column":31},"end":{"line":76,"column":32}}]},"5":{"loc":{"start":{"line":77,"column":18},"end":{"line":77,"column":35}},"type":"binary-expr","locations":[{"start":{"line":77,"column":18},"end":{"line":77,"column":29}},{"start":{"line":77,"column":33},"end":{"line":77,"column":35}}]},"6":{"loc":{"start":{"line":82,"column":4},"end":{"line":84,"column":5}},"type":"if","locations":[{"start":{"line":82,"column":4},"end":{"line":84,"column":5}},{"start":{},"end":{}}]},"7":{"loc":{"start":{"line":86,"column":4},"end":{"line":88,"column":5}},"type":"if","locations":[{"start":{"line":86,"column":4},"end":{"line":88,"column":5}},{"start":{},"end":{}}]},"8":{"loc":{"start":{"line":90,"column":4},"end":{"line":98,"column":5}},"type":"if","locations":[{"start":{"line":90,"column":4},"end":{"line":98,"column":5}},{"start":{},"end":{}}]},"9":{"loc":{"start":{"line":90,"column":8},"end":{"line":90,"column":40}},"type":"binary-expr","locations":[{"start":{"line":90,"column":8},"end":{"line":90,"column":23}},{"start":{"line":90,"column":27},"end":{"line":90,"column":40}}]},"10":{"loc":{"start":{"line":92,"column":6},"end":{"line":94,"column":7}},"type":"if","locations":[{"start":{"line":92,"column":6},"end":{"line":94,"column":7}},{"start":{},"end":{}}]},"11":{"loc":{"start":{"line":95,"column":6},"end":{"line":97,"column":7}},"type":"if","locations":[{"start":{"line":95,"column":6},"end":{"line":97,"column":7}},{"start":{},"end":{}}]},"12":{"loc":{"start":{"line":21,"column":39},"end":{"line":21,"column":55}},"type":"cond-expr","locations":[{"start":{"line":21,"column":52},"end":{"line":21,"column":55}},{"start":{"line":21,"column":52},"end":{"line":21,"column":55}}]},"13":{"loc":{"start":{"line":21,"column":39},"end":{"line":21,"column":52}},"type":"binary-expr","locations":[{"start":{"line":21,"column":39},"end":{"line":21,"column":55}},{"start":{"line":21,"column":39},"end":{"line":21,"column":52}}]}},"s":{"0":0,"1":0,"2":0,"3":0,"4":0,"5":0,"6":0,"7":0,"8":0,"9":0,"10":0,"11":0,"12":0,"13":0,"14":0,"15":0,"16":0,"17":0,"18":0,"19":0,"20":0,"21":0,"22":0,"23":0,"24":0,"25":0,"26":0,"27":0,"28":0,"29":0,"30":0,"31":0,"32":0,"33":0,"34":0,"35":0},"f":{"0":0,"1":0,"2":0,"3":0,"4":0,"5":0,"6":0},"b":{"0":[0,0],"1":[0,0],"2":[0,0],"3":[0,0],"4":[0,0],"5":[0,0],"6":[0,0],"7":[0,0],"8":[0,0],"9":[0,0],"10":[0,0],"11":[0,0],"12":[0,0],"13":[0,0]}}
,"/Users/igorbrandao/Desktop/development/front/desafio/transaction-processor-api/src/services/queue-metrics.service.ts": {"path":"/Users/igorbrandao/Desktop/development/front/desafio/transaction-processor-api/src/services/queue-metrics.service.ts","statementMap":{"0":{"start":{"line":1,"column":0},"end":{"line":1,"column":58}},"1":{"start":{"line":2,"column":0},"end":{"line":2,"column":43}},"2":{"start":{"line":4,"column":0},"end":{"line":4,"column":63}},"3":{"start":{"line":7,"column":7},"end":{"line":34,"column":null}},"4":{"start":{"line":8,"column":60},"end":{"line":8,"column":72}},"5":{"start":{"line":11,"column":4},"end":{"line":11,"column":35}},"6":{"start":{"line":12,"column":4},"end":{"line":14,"column":13}},"7":{"start":{"line":13,"column":6},"end":{"line":13,"column":37}},"8":{"start":{"line":18,"column":4},"end":{"line":32,"column":5}},"9":{"start":{"line":19,"column":51},"end":{"line":24,"column":8}},"10":{"start":{"line":26,"column":6},"end":{"line":26,"column":63}},"11":{"start":{"line":27,"column":6},"end":{"line":27,"column":61}},"12":{"start":{"line":28,"column":6},"end":{"line":28,"column":67}},"13":{"start":{"line":29,"column":6},"end":{"line":29,"column":61}},"14":{"start":{"line":31,"column":6},"end":{"line":31,"column":60}},"15":{"start":{"line":7,"column":13},"end":{"line":7,"column":32}},"16":{"start":{"line":7,"column":13},"end":{"line":34,"column":null}}},"fnMap":{"0":{"name":"(anonymous_4)","decl":{"start":{"line":8,"column":2},"end":{"line":8,"column":15}},"loc":{"start":{"line":8,"column":72},"end":{"line":8,"column":76}}},"1":{"name":"(anonymous_5)","decl":{"start":{"line":10,"column":2},"end":{"line":10,"column":14}},"loc":{"start":{"line":10,"column":14},"end":{"line":15,"column":3}}},"2":{"name":"(anonymous_6)","decl":{"start":{"line":12,"column":16},"end":{"line":12,"column":19}},"loc":{"start":{"line":12,"column":21},"end":{"line":14,"column":5}}},"3":{"name":"(anonymous_7)","decl":{"start":{"line":17,"column":10},"end":{"line":17,"column":15}},"loc":{"start":{"line":17,"column":34},"end":{"line":33,"column":3}}}},"branchMap":{},"s":{"0":0,"1":0,"2":0,"3":0,"4":0,"5":0,"6":0,"7":0,"8":0,"9":0,"10":0,"11":0,"12":0,"13":0,"14":0,"15":0,"16":0},"f":{"0":0,"1":0,"2":0,"3":0},"b":{}}
,"/Users/igorbrandao/Desktop/development/front/desafio/transaction-processor-api/src/services/transactions.service.ts": {"path":"/Users/igorbrandao/Desktop/development/front/desafio/transaction-processor-api/src/services/transactions.service.ts","statementMap":{"0":{"start":{"line":1,"column":0},"end":{"line":1,"column":null}},"1":{"start":{"line":6,"column":0},"end":{"line":6,"column":79}},"2":{"start":{"line":10,"column":0},"end":{"line":10,"column":65}},"3":{"start":{"line":11,"column":0},"end":{"line":11,"column":null}},"4":{"start":{"line":17,"column":7},"end":{"line":99,"column":null}},"5":{"start":{"line":18,"column":31},"end":{"line":18,"column":43}},"6":{"start":{"line":21,"column":18},"end":{"line":21,"column":75}},"7":{"start":{"line":23,"column":4},"end":{"line":52,"column":5}},"8":{"start":{"line":24,"column":23},"end":{"line":25,"column":null}},"9":{"start":{"line":27,"column":6},"end":{"line":32,"column":7}},"10":{"start":{"line":28,"column":8},"end":{"line":31,"column":11}},"11":{"start":{"line":34,"column":26},"end":{"line":41,"column":8}},"12":{"start":{"line":43,"column":6},"end":{"line":47,"column":9}},"13":{"start":{"line":49,"column":6},"end":{"line":49,"column":40}},"14":{"start":{"line":51,"column":6},"end":{"line":51,"column":14}},"15":{"start":{"line":56,"column":24},"end":{"line":56,"column":58}},"16":{"start":{"line":57,"column":4},"end":{"line":59,"column":5}},"17":{"start":{"line":58,"column":6},"end":{"line":58,"column":73}},"18":{"start":{"line":60,"column":4},"end":{"line":60,"column":38}},"19":{"start":{"line":72,"column":17},"end":{"line":72,"column":32}},"20":{"start":{"line":73,"column":18},"end":{"line":73,"column":35}},"21":{"start":{"line":75,"column":36},"end":{"line":75,"column":72}},"22":{"start":{"line":77,"column":4},"end":{"line":85,"column":6}},"23":{"start":{"line":93,"column":4},"end":{"line":97,"column":6}},"24":{"start":{"line":17,"column":13},"end":{"line":17,"column":32}},"25":{"start":{"line":17,"column":13},"end":{"line":99,"column":null}}},"fnMap":{"0":{"name":"(anonymous_2)","decl":{"start":{"line":18,"column":2},"end":{"line":18,"column":31}},"loc":{"start":{"line":18,"column":65},"end":{"line":18,"column":69}}},"1":{"name":"(anonymous_3)","decl":{"start":{"line":20,"column":2},"end":{"line":20,"column":7}},"loc":{"start":{"line":20,"column":40},"end":{"line":53,"column":3}}},"2":{"name":"(anonymous_4)","decl":{"start":{"line":55,"column":2},"end":{"line":55,"column":7}},"loc":{"start":{"line":55,"column":27},"end":{"line":61,"column":3}}},"3":{"name":"(anonymous_5)","decl":{"start":{"line":63,"column":2},"end":{"line":63,"column":7}},"loc":{"start":{"line":63,"column":43},"end":{"line":86,"column":3}}},"4":{"name":"(anonymous_6)","decl":{"start":{"line":88,"column":2},"end":{"line":88,"column":13}},"loc":{"start":{"line":88,"column":13},"end":{"line":98,"column":3}}}},"branchMap":{"0":{"loc":{"start":{"line":27,"column":6},"end":{"line":32,"column":7}},"type":"if","locations":[{"start":{"line":27,"column":6},"end":{"line":32,"column":7}},{"start":{},"end":{}}]},"1":{"loc":{"start":{"line":39,"column":16},"end":{"line":39,"column":55}},"type":"binary-expr","locations":[{"start":{"line":39,"column":16},"end":{"line":39,"column":26}},{"start":{"line":39,"column":30},"end":{"line":39,"column":55}}]},"2":{"loc":{"start":{"line":45,"column":16},"end":{"line":45,"column":55}},"type":"binary-expr","locations":[{"start":{"line":45,"column":16},"end":{"line":45,"column":26}},{"start":{"line":45,"column":30},"end":{"line":45,"column":55}}]},"3":{"loc":{"start":{"line":57,"column":4},"end":{"line":59,"column":5}},"type":"if","locations":[{"start":{"line":57,"column":4},"end":{"line":59,"column":5}},{"start":{},"end":{}}]},"4":{"loc":{"start":{"line":72,"column":17},"end":{"line":72,"column":32}},"type":"binary-expr","locations":[{"start":{"line":72,"column":17},"end":{"line":72,"column":27}},{"start":{"line":72,"column":31},"end":{"line":72,"column":32}}]},"5":{"loc":{"start":{"line":73,"column":18},"end":{"line":73,"column":35}},"type":"binary-expr","locations":[{"start":{"line":73,"column":18},"end":{"line":73,"column":29}},{"start":{"line":73,"column":33},"end":{"line":73,"column":35}}]},"6":{"loc":{"start":{"line":18,"column":43},"end":{"line":18,"column":68}},"type":"cond-expr","locations":[{"start":{"line":18,"column":65},"end":{"line":18,"column":68}},{"start":{"line":18,"column":65},"end":{"line":18,"column":68}}]},"7":{"loc":{"start":{"line":18,"column":43},"end":{"line":18,"column":65}},"type":"binary-expr","locations":[{"start":{"line":18,"column":43},"end":{"line":18,"column":68}},{"start":{"line":18,"column":43},"end":{"line":18,"column":65}}]}},"s":{"0":0,"1":0,"2":0,"3":0,"4":0,"5":0,"6":0,"7":0,"8":0,"9":0,"10":0,"11":0,"12":0,"13":0,"14":0,"15":0,"16":0,"17":0,"18":0,"19":0,"20":0,"21":0,"22":0,"23":0,"24":0,"25":0},"f":{"0":0,"1":0,"2":0,"3":0,"4":0},"b":{"0":[0,0],"1":[0,0],"2":[0,0],"3":[0,0],"4":[0,0],"5":[0,0],"6":[0,0],"7":[0,0]}}
,"/Users/igorbrandao/Desktop/development/front/desafio/transaction-processor-api/src/utils/validators.ts": {"path":"/Users/igorbrandao/Desktop/development/front/desafio/transaction-processor-api/src/utils/validators.ts","statementMap":{"0":{"start":{"line":50,"column":0},"end":{"line":50,"column":16}},"1":{"start":{"line":74,"column":0},"end":{"line":74,"column":16}},"2":{"start":{"line":1,"column":0},"end":{"line":1,"column":null}},"3":{"start":{"line":7,"column":13},"end":{"line":48,"column":11}},"4":{"start":{"line":51,"column":2},"end":{"line":71,"column":4}},"5":{"start":{"line":52,"column":4},"end":{"line":70,"column":7}},"6":{"start":{"line":59,"column":10},"end":{"line":61,"column":11}},"7":{"start":{"line":60,"column":12},"end":{"line":60,"column":25}},"8":{"start":{"line":62,"column":10},"end":{"line":64,"column":12}},"9":{"start":{"line":67,"column":10},"end":{"line":67,"column":97}},"10":{"start":{"line":75,"column":2},"end":{"line":94,"column":4}},"11":{"start":{"line":76,"column":4},"end":{"line":93,"column":7}},"12":{"start":{"line":83,"column":10},"end":{"line":85,"column":11}},"13":{"start":{"line":84,"column":12},"end":{"line":84,"column":25}},"14":{"start":{"line":86,"column":32},"end":{"line":86,"column":77}},"15":{"start":{"line":87,"column":10},"end":{"line":87,"column":36}},"16":{"start":{"line":90,"column":10},"end":{"line":90,"column":71}}},"fnMap":{"0":{"name":"IsCurrencyCode","decl":{"start":{"line":50,"column":16},"end":{"line":50,"column":30}},"loc":{"start":{"line":50,"column":68},"end":{"line":72,"column":1}}},"1":{"name":"(anonymous_1)","decl":{"start":{"line":51,"column":9},"end":{"line":51,"column":19}},"loc":{"start":{"line":51,"column":55},"end":{"line":71,"column":3}}},"2":{"name":"(anonymous_2)","decl":{"start":{"line":58,"column":8},"end":{"line":58,"column":16}},"loc":{"start":{"line":58,"column":31},"end":{"line":65,"column":9}}},"3":{"name":"(anonymous_3)","decl":{"start":{"line":66,"column":8},"end":{"line":66,"column":22}},"loc":{"start":{"line":66,"column":48},"end":{"line":68,"column":9}}},"4":{"name":"IsAmountPrecision","decl":{"start":{"line":74,"column":16},"end":{"line":74,"column":33}},"loc":{"start":{"line":74,"column":71},"end":{"line":95,"column":1}}},"5":{"name":"(anonymous_5)","decl":{"start":{"line":75,"column":9},"end":{"line":75,"column":19}},"loc":{"start":{"line":75,"column":55},"end":{"line":94,"column":3}}},"6":{"name":"(anonymous_6)","decl":{"start":{"line":82,"column":8},"end":{"line":82,"column":16}},"loc":{"start":{"line":82,"column":31},"end":{"line":88,"column":9}}},"7":{"name":"(anonymous_7)","decl":{"start":{"line":89,"column":8},"end":{"line":89,"column":22}},"loc":{"start":{"line":89,"column":48},"end":{"line":91,"column":9}}}},"branchMap":{"0":{"loc":{"start":{"line":59,"column":10},"end":{"line":61,"column":11}},"type":"if","locations":[{"start":{"line":59,"column":10},"end":{"line":61,"column":11}},{"start":{},"end":{}}]},"1":{"loc":{"start":{"line":83,"column":10},"end":{"line":85,"column":11}},"type":"if","locations":[{"start":{"line":83,"column":10},"end":{"line":85,"column":11}},{"start":{},"end":{}}]},"2":{"loc":{"start":{"line":86,"column":33},"end":{"line":86,"column":69}},"type":"binary-expr","locations":[{"start":{"line":86,"column":33},"end":{"line":86,"column":63}},{"start":{"line":86,"column":67},"end":{"line":86,"column":69}}]}},"s":{"0":0,"1":0,"2":0,"3":0,"4":0,"5":0,"6":0,"7":0,"8":0,"9":0,"10":0,"11":0,"12":0,"13":0,"14":0,"15":0,"16":0},"f":{"0":0,"1":0,"2":0,"3":0,"4":0,"5":0,"6":0,"7":0},"b":{"0":[0,0],"1":[0,0],"2":[0,0]}}
}
