TN:
SF:src/app.controller.ts
FN:6,(anonymous_2)
FN:9,(anonymous_3)
FNF:2
FNH:2
FNDA:1,(anonymous_2)
FNDA:1,(anonymous_3)
DA:1,1
DA:2,1
DA:5,1
DA:6,1
DA:9,1
DA:10,1
LF:6
LH:6
BRDA:6,0,0,1
BRDA:6,0,1,0
BRDA:6,1,0,1
BRDA:6,1,1,1
BRF:4
BRH:3
end_of_record
TN:
SF:src/app.module.ts
FN:49,(anonymous_1)
FNF:1
FNH:0
FNDA:0,(anonymous_1)
DA:1,0
DA:2,0
DA:3,0
DA:4,0
DA:5,0
DA:6,0
DA:7,0
DA:8,0
DA:9,0
DA:10,0
DA:11,0
DA:12,0
DA:13,0
DA:14,0
DA:15,0
DA:48,0
DA:50,0
LF:17
LH:0
BRF:0
BRH:0
end_of_record
TN:
SF:src/app.service.ts
FN:5,(anonymous_1)
FNF:1
FNH:1
FNDA:1,(anonymous_1)
DA:1,1
DA:4,1
DA:6,1
LF:3
LH:3
BRF:0
BRH:0
end_of_record
TN:
SF:src/main.ts
FN:9,bootstrap
FNF:1
FNH:0
FNDA:0,bootstrap
DA:1,0
DA:2,0
DA:3,0
DA:4,0
DA:5,0
DA:7,0
DA:10,0
DA:12,0
DA:14,0
DA:15,0
DA:17,0
DA:18,0
DA:23,0
LF:13
LH:0
BRDA:14,0,0,0
BRDA:14,0,1,0
BRF:2
BRH:0
end_of_record
TN:
SF:src/config/app.config.ts
FN:13,configureApp
FNF:1
FNH:0
FNDA:0,configureApp
DA:2,0
DA:3,0
DA:4,0
DA:5,0
DA:10,0
DA:11,0
DA:13,0
DA:14,0
DA:16,0
DA:18,0
DA:20,0
DA:25,0
DA:27,0
DA:28,0
DA:29,0
DA:31,0
DA:32,0
LF:17
LH:0
BRF:0
BRH:0
end_of_record
TN:
SF:src/config/bullmq.config.ts
FNF:0
FNH:0
DA:3,0
DA:20,0
LF:2
LH:0
BRDA:5,0,0,0
BRDA:5,0,1,0
BRDA:6,1,0,0
BRDA:6,1,1,0
BRDA:7,2,0,0
BRDA:7,2,1,0
BRDA:10,3,0,0
BRDA:10,3,1,0
BRDA:13,4,0,0
BRDA:13,4,1,0
BRDA:15,5,0,0
BRDA:15,5,1,0
BRDA:16,6,0,0
BRDA:16,6,1,0
BRDA:21,7,0,0
BRDA:21,7,1,0
BRF:16
BRH:0
end_of_record
TN:
SF:src/config/database.config.ts
FN:17,(anonymous_1)
FNF:1
FNH:0
FNDA:0,(anonymous_1)
DA:1,0
DA:2,0
DA:4,0
DA:6,0
DA:17,0
DA:18,0
DA:19,0
DA:20,0
DA:21,0
DA:23,0
DA:24,0
LF:11
LH:0
BRDA:7,0,0,0
BRDA:7,0,1,0
BRDA:8,1,0,0
BRDA:8,1,1,0
BRDA:9,2,0,0
BRDA:9,2,1,0
BRDA:10,3,0,0
BRDA:10,3,1,0
BRDA:11,4,0,0
BRDA:11,4,1,0
BRF:10
BRH:0
end_of_record
TN:
SF:src/config/logger.config.ts
FNF:0
FNH:0
DA:1,0
DA:3,0
DA:5,0
LF:3
LH:0
BRDA:3,0,0,0
BRDA:3,0,1,0
BRF:2
BRH:0
end_of_record
TN:
SF:src/config/metrics.config.ts
FN:89,(anonymous_0)
FNF:1
FNH:0
FNDA:0,(anonymous_0)
DA:1,0
DA:4,0
DA:7,0
DA:12,0
DA:20,0
DA:28,0
DA:36,0
DA:43,0
DA:50,0
DA:57,0
DA:66,0
DA:73,0
DA:80,0
DA:89,0
DA:90,0
LF:15
LH:0
BRDA:82,0,0,0
BRDA:82,0,1,0
BRDA:83,1,0,0
BRDA:83,1,1,0
BRF:4
BRH:0
end_of_record
TN:
SF:src/config/swagger.config.ts
FN:29,(anonymous_0)
FNF:1
FNH:0
FNDA:0,(anonymous_0)
DA:1,0
DA:3,0
DA:28,0
DA:29,0
DA:32,0
LF:5
LH:0
BRF:0
BRH:0
end_of_record
TN:
SF:src/config/validation.config.ts
FN:8,(anonymous_0)
FNF:1
FNH:0
FNDA:0,(anonymous_0)
DA:1,0
DA:2,0
DA:4,0
DA:9,0
DA:10,0
LF:5
LH:0
BRF:0
BRH:0
end_of_record
TN:
SF:src/controllers/health.controller.ts
FN:77,(anonymous_4)
FNF:1
FNH:0
FNDA:0,(anonymous_4)
DA:1,0
DA:2,0
DA:4,0
DA:5,0
DA:6,0
DA:10,0
DA:77,0
DA:78,0
DA:88,0
DA:89,0
DA:90,0
DA:91,0
DA:93,0
DA:94,0
DA:96,0
DA:98,0
DA:99,0
DA:101,0
DA:106,0
LF:19
LH:0
BRDA:82,0,0,0
BRDA:82,0,1,0
BRF:2
BRH:0
end_of_record
TN:
SF:src/controllers/metrics.controller.ts
FN:8,(anonymous_4)
FNF:1
FNH:0
FNDA:0,(anonymous_4)
DA:1,0
DA:3,0
DA:6,0
DA:8,0
DA:9,0
DA:10,0
LF:6
LH:0
BRF:0
BRH:0
end_of_record
TN:
SF:src/controllers/transactions.controller.ts
FN:42,(anonymous_4)
FN:195,(anonymous_5)
FN:385,(anonymous_6)
FN:504,(anonymous_7)
FN:571,(anonymous_8)
FN:621,(anonymous_9)
FNF:6
FNH:0
FNDA:0,(anonymous_4)
FNDA:0,(anonymous_5)
FNDA:0,(anonymous_6)
FNDA:0,(anonymous_7)
FNDA:0,(anonymous_8)
FNDA:0,(anonymous_9)
DA:1,0
DA:14,0
DA:25,0
DA:26,0
DA:27,0
DA:28,0
DA:29,0
DA:30,0
DA:31,0
DA:37,0
DA:41,0
DA:43,0
DA:44,0
DA:195,0
DA:196,0
DA:200,0
DA:202,0
DA:385,0
DA:386,0
DA:390,0
DA:504,0
DA:505,0
DA:507,0
DA:571,0
DA:572,0
DA:579,0
DA:581,0
DA:582,0
DA:587,0
DA:621,0
DA:622,0
DA:624,0
LF:32
LH:0
BRDA:581,0,0,0
BRDA:581,0,1,0
BRDA:195,1,0,0
BRDA:195,1,1,0
BRDA:195,2,0,0
BRDA:195,2,1,0
BRDA:385,3,0,0
BRDA:385,3,1,0
BRDA:385,4,0,0
BRDA:385,4,1,0
BRDA:504,5,0,0
BRDA:504,5,1,0
BRDA:504,6,0,0
BRDA:504,6,1,0
BRDA:43,7,0,0
BRDA:43,7,1,0
BRDA:43,8,0,0
BRDA:43,8,1,0
BRDA:43,9,0,0
BRDA:43,9,1,0
BRDA:43,10,0,0
BRDA:43,10,1,0
BRF:22
BRH:0
end_of_record
TN:
SF:src/dto/create-transaction.dto.ts
FNF:0
FNH:0
DA:1,0
DA:10,0
DA:11,0
DA:12,0
DA:14,0
DA:38,0
DA:64,0
DA:129,0
DA:148,0
DA:191,0
LF:10
LH:0
BRDA:148,0,0,0
BRDA:148,0,1,0
BRDA:148,1,0,0
BRDA:148,1,1,0
BRDA:191,2,0,0
BRDA:191,2,1,0
BRDA:191,3,0,0
BRDA:191,3,1,0
BRF:8
BRH:0
end_of_record
TN:
SF:src/dto/error-response.dto.ts
FNF:0
FNH:0
DA:1,0
DA:3,0
DA:8,0
DA:17,0
DA:20,0
DA:25,0
DA:31,0
DA:45,0
DA:48,0
DA:53,0
DA:59,0
DA:65,0
DA:78,0
DA:81,0
DA:86,0
DA:92,0
DA:98,0
DA:104,0
DA:107,0
DA:112,0
DA:118,0
DA:124,0
DA:130,0
LF:23
LH:0
BRDA:17,0,0,0
BRDA:17,0,1,0
BRDA:17,1,0,0
BRDA:17,1,1,0
BRF:4
BRH:0
end_of_record
TN:
SF:src/dto/health-response.dto.ts
FNF:0
FNH:0
DA:1,0
DA:3,0
DA:9,0
DA:15,0
DA:21,0
DA:27,0
DA:35,0
LF:7
LH:0
BRF:0
BRH:0
end_of_record
TN:
SF:src/dto/pagination-response.dto.ts
FNF:0
FNH:0
DA:1,0
DA:2,0
DA:4,0
DA:10,0
DA:18,0
DA:25,0
DA:33,0
DA:36,0
DA:55,0
DA:68,0
LF:10
LH:0
BRF:0
BRH:0
end_of_record
TN:
SF:src/dto/query-transactions.dto.ts
FN:38,(anonymous_2)
FN:69,(anonymous_3)
FNF:2
FNH:0
FNDA:0,(anonymous_2)
FNDA:0,(anonymous_3)
DA:1,0
DA:9,0
DA:10,0
DA:11,0
DA:16,0
DA:38,0
DA:41,0
DA:69,0
DA:73,0
DA:97,0
DA:117,0
DA:140,0
DA:163,0
LF:13
LH:0
BRDA:97,0,0,0
BRDA:97,0,1,0
BRDA:97,1,0,0
BRDA:97,1,1,0
BRDA:117,2,0,0
BRDA:117,2,1,0
BRDA:117,3,0,0
BRDA:117,3,1,0
BRF:8
BRH:0
end_of_record
TN:
SF:src/entities/transaction.entity.ts
FN:3,(anonymous_2)
FN:8,(anonymous_3)
FNF:2
FNH:0
FNDA:0,(anonymous_2)
FNDA:0,(anonymous_3)
DA:1,0
DA:3,0
DA:4,0
DA:5,0
DA:8,0
DA:9,0
DA:10,0
DA:11,0
DA:14,0
DA:31,0
DA:49,0
DA:71,0
DA:133,0
DA:151,0
DA:172,0
DA:207,0
DA:224,0
DA:241,0
LF:18
LH:0
BRDA:3,0,0,0
BRDA:3,0,1,0
BRDA:8,1,0,0
BRDA:8,1,1,0
BRDA:207,2,0,0
BRDA:207,2,1,0
BRDA:207,3,0,0
BRDA:207,3,1,0
BRDA:224,4,0,0
BRDA:224,4,1,0
BRDA:224,5,0,0
BRDA:224,5,1,0
BRDA:241,6,0,0
BRDA:241,6,1,0
BRDA:241,7,0,0
BRDA:241,7,1,0
BRF:16
BRH:0
end_of_record
TN:
SF:src/filters/http-exception.filter.ts
FN:20,(anonymous_1)
FN:35,(anonymous_2)
FNF:2
FNH:0
FNDA:0,(anonymous_1)
FNDA:0,(anonymous_2)
DA:1,0
DA:9,0
DA:12,0
DA:13,0
DA:21,0
DA:22,0
DA:23,0
DA:26,0
DA:31,0
DA:35,0
DA:36,0
DA:39,0
DA:40,0
DA:48,0
DA:51,0
DA:52,0
DA:59,0
DA:60,0
DA:69,0
DA:78,0
LF:20
LH:0
BRDA:26,0,0,0
BRDA:26,0,1,0
BRDA:31,1,0,0
BRDA:31,1,1,0
BRDA:39,2,0,0
BRDA:39,2,1,0
BRDA:39,3,0,0
BRDA:39,3,1,0
BRDA:44,4,0,0
BRDA:44,4,1,0
BRDA:51,5,0,0
BRDA:51,5,1,0
BRDA:55,6,0,0
BRDA:55,6,1,0
BRDA:59,7,0,0
BRDA:59,7,1,0
BRDA:63,8,0,0
BRDA:63,8,1,0
BRDA:64,9,0,0
BRDA:64,9,1,0
BRDA:72,10,0,0
BRDA:72,10,1,0
BRDA:82,11,0,0
BRDA:82,11,1,0
BRF:24
BRH:0
end_of_record
TN:
SF:src/middleware/error-handler.middleware.ts
FN:14,(anonymous_1)
FN:18,(anonymous_2)
FN:19,(anonymous_3)
FNF:3
FNH:0
FNDA:0,(anonymous_1)
FNDA:0,(anonymous_2)
FNDA:0,(anonymous_3)
DA:1,0
DA:3,0
DA:6,0
DA:7,0
DA:15,0
DA:16,0
DA:18,0
DA:19,0
DA:20,0
DA:23,0
DA:24,0
DA:27,0
DA:28,0
DA:29,0
DA:30,0
DA:31,0
DA:37,0
DA:45,0
DA:48,0
LF:19
LH:0
BRDA:23,0,0,0
BRDA:23,0,1,0
BRDA:27,1,0,0
BRDA:27,1,1,0
BRDA:28,2,0,0
BRDA:28,2,1,0
BRDA:30,3,0,0
BRDA:30,3,1,0
BRF:8
BRH:0
end_of_record
TN:
SF:src/middleware/logger.middleware.ts
FN:8,(anonymous_1)
FN:25,(anonymous_2)
FNF:2
FNH:0
FNDA:0,(anonymous_1)
FNDA:0,(anonymous_2)
DA:1,0
DA:3,0
DA:4,0
DA:7,0
DA:9,0
DA:10,0
DA:13,0
DA:14,0
DA:17,0
DA:25,0
DA:26,0
DA:27,0
DA:30,0
DA:33,0
DA:35,0
DA:43,0
LF:16
LH:0
BRDA:10,0,0,0
BRDA:10,0,1,0
BRDA:13,1,0,0
BRDA:13,1,1,0
BRF:4
BRH:0
end_of_record
TN:
SF:src/processors/transaction.processor.ts
FN:13,(anonymous_2)
FN:16,(anonymous_3)
FNF:2
FNH:0
FNDA:0,(anonymous_2)
FNDA:0,(anonymous_3)
DA:1,0
DA:3,0
DA:4,0
DA:6,0
DA:7,0
DA:8,0
DA:12,0
DA:13,0
DA:16,0
DA:17,0
DA:19,0
DA:25,0
DA:26,0
DA:33,0
DA:38,0
DA:44,0
DA:46,0
DA:47,0
DA:49,0
DA:50,0
DA:54,0
DA:60,0
DA:67,0
DA:74,0
LF:24
LH:0
BRDA:46,0,0,0
BRDA:46,0,1,0
BRDA:50,1,0,0
BRDA:50,1,1,0
BRDA:51,2,0,0
BRDA:51,2,1,0
BRDA:13,3,0,0
BRDA:13,3,1,0
BRDA:13,4,0,0
BRDA:13,4,1,0
BRF:10
BRH:0
end_of_record
TN:
SF:src/queues/transactions.queue.ts
FN:9,(anonymous_4)
FN:14,(anonymous_5)
FN:25,(anonymous_6)
FN:49,(anonymous_7)
FN:65,(anonymous_8)
FN:70,(anonymous_9)
FN:75,(anonymous_10)
FNF:7
FNH:0
FNDA:0,(anonymous_4)
FNDA:0,(anonymous_5)
FNDA:0,(anonymous_6)
FNDA:0,(anonymous_7)
FNDA:0,(anonymous_8)
FNDA:0,(anonymous_9)
FNDA:0,(anonymous_10)
DA:1,0
DA:3,0
DA:5,0
DA:8,0
DA:11,0
DA:15,0
DA:26,0
DA:27,0
DA:28,0
DA:31,0
DA:33,0
DA:34,0
DA:35,0
DA:37,0
DA:50,0
DA:58,0
DA:65,0
DA:70,0
DA:75,0
LF:19
LH:0
BRDA:17,0,0,0
BRDA:17,0,1,0
BRDA:20,1,0,0
BRDA:20,1,1,0
BRDA:27,2,0,0
BRDA:27,2,1,0
BRDA:33,3,0,0
BRDA:33,3,1,0
BRDA:79,4,0,0
BRDA:79,4,1,0
BRF:10
BRH:0
end_of_record
TN:
SF:src/repositories/transactions.repository.ts
FN:10,(anonymous_0)
FN:24,(anonymous_1)
FN:91,(anonymous_2)
FN:112,(anonymous_3)
FN:135,(anonymous_4)
FN:196,(anonymous_5)
FN:205,(anonymous_6)
FNF:7
FNH:0
FNDA:0,(anonymous_0)
FNDA:0,(anonymous_1)
FNDA:0,(anonymous_2)
FNDA:0,(anonymous_3)
FNDA:0,(anonymous_4)
FNDA:0,(anonymous_5)
FNDA:0,(anonymous_6)
DA:1,0
DA:2,0
DA:7,0
DA:9,0
DA:11,0
DA:27,0
DA:29,0
DA:30,0
DA:32,0
DA:37,0
DA:38,0
DA:39,0
DA:42,0
DA:45,0
DA:59,0
DA:60,0
DA:64,0
DA:66,0
DA:68,0
DA:69,0
DA:73,0
DA:74,0
DA:77,0
DA:81,0
DA:85,0
DA:87,0
DA:92,0
DA:93,0
DA:98,0
DA:99,0
DA:102,0
DA:104,0
DA:108,0
DA:115,0
DA:116,0
DA:121,0
DA:122,0
DA:125,0
DA:127,0
DA:131,0
DA:143,0
DA:144,0
DA:145,0
DA:146,0
DA:148,0
DA:149,0
DA:150,0
DA:152,0
DA:153,0
DA:154,0
DA:155,0
DA:158,0
DA:159,0
DA:160,0
DA:161,0
DA:164,0
DA:165,0
DA:166,0
DA:167,0
DA:170,0
DA:171,0
DA:172,0
DA:173,0
DA:177,0
DA:181,0
DA:185,0
DA:187,0
DA:188,0
DA:195,0
DA:196,0
DA:200,0
DA:201,0
DA:209,0
DA:210,0
DA:215,0
DA:216,0
DA:219,0
DA:220,0
DA:222,0
DA:227,0
LF:80
LH:0
BRDA:37,0,0,0
BRDA:37,0,1,0
BRDA:54,1,0,0
BRDA:54,1,1,0
BRDA:55,2,0,0
BRDA:55,2,1,0
BRDA:68,3,0,0
BRDA:68,3,1,0
BRDA:73,4,0,0
BRDA:73,4,1,0
BRDA:98,5,0,0
BRDA:98,5,1,0
BRDA:121,6,0,0
BRDA:121,6,1,0
BRDA:144,7,0,0
BRDA:144,7,1,0
BRDA:145,8,0,0
BRDA:145,8,1,0
BRDA:152,9,0,0
BRDA:152,9,1,0
BRDA:158,10,0,0
BRDA:158,10,1,0
BRDA:164,11,0,0
BRDA:164,11,1,0
BRDA:170,12,0,0
BRDA:170,12,1,0
BRDA:177,13,0,0
BRDA:177,13,1,0
BRDA:215,14,0,0
BRDA:215,14,1,0
BRF:30
BRH:0
end_of_record
TN:
SF:src/services/transactions.service.ts
FN:14,(anonymous_2)
FN:18,(anonymous_3)
FN:75,(anonymous_4)
FN:88,(anonymous_5)
FN:124,(anonymous_6)
FN:132,(anonymous_7)
FNF:6
FNH:0
FNDA:0,(anonymous_2)
FNDA:0,(anonymous_3)
FNDA:0,(anonymous_4)
FNDA:0,(anonymous_5)
FNDA:0,(anonymous_6)
FNDA:0,(anonymous_7)
DA:1,0
DA:6,0
DA:9,0
DA:10,0
DA:13,0
DA:15,0
DA:21,0
DA:26,0
DA:30,0
DA:31,0
DA:34,0
DA:41,0
DA:50,0
DA:52,0
DA:53,0
DA:57,0
DA:59,0
DA:60,0
DA:63,0
DA:64,0
DA:67,0
DA:70,0
DA:71,0
DA:76,0
DA:78,0
DA:80,0
DA:81,0
DA:82,0
DA:85,0
DA:97,0
DA:99,0
DA:100,0
DA:102,0
DA:111,0
DA:113,0
DA:128,0
DA:129,0
DA:135,0
LF:38
LH:0
BRDA:30,0,0,0
BRDA:30,0,1,0
BRDA:59,1,0,0
BRDA:59,1,1,0
BRDA:59,2,0,0
BRDA:59,2,1,0
BRDA:63,3,0,0
BRDA:63,3,1,0
BRDA:80,4,0,0
BRDA:80,4,1,0
BRDA:99,5,0,0
BRDA:99,5,1,0
BRDA:100,6,0,0
BRDA:100,6,1,0
BRDA:15,7,0,0
BRDA:15,7,1,0
BRDA:15,8,0,0
BRDA:15,8,1,0
BRF:18
BRH:0
end_of_record
TN:
SF:src/utils/validators.ts
FN:50,IsCurrencyCode
FN:51,(anonymous_1)
FN:58,(anonymous_2)
FN:64,(anonymous_3)
FN:72,IsAmountPrecision
FN:73,(anonymous_5)
FN:80,(anonymous_6)
FN:87,(anonymous_7)
FNF:8
FNH:0
FNDA:0,IsCurrencyCode
FNDA:0,(anonymous_1)
FNDA:0,(anonymous_2)
FNDA:0,(anonymous_3)
FNDA:0,IsAmountPrecision
FNDA:0,(anonymous_5)
FNDA:0,(anonymous_6)
FNDA:0,(anonymous_7)
DA:1,0
DA:7,0
DA:50,0
DA:51,0
DA:52,0
DA:59,0
DA:60,0
DA:62,0
DA:65,0
DA:72,0
DA:73,0
DA:74,0
DA:81,0
DA:82,0
DA:84,0
DA:85,0
DA:88,0
LF:17
LH:0
BRDA:59,0,0,0
BRDA:59,0,1,0
BRDA:81,1,0,0
BRDA:81,1,1,0
BRDA:84,2,0,0
BRDA:84,2,1,0
BRF:6
BRH:0
end_of_record
